                  :-) GROMACS - gmx mdrun, 2021.2-MODIFIED (-:

                            GROMACS is written by:
     Andrey Alekseenko              Emile Apol              Rossen Apostolov     
         Paul Bauer           Herman J.C. Berendsen           Par Bjelkmar       
       Christian Blau           Viacheslav Bolnykh             Kevin Boyd        
     Aldert van Buuren           Rudi van Drunen             Anton Feenstra      
    Gilles Gouaillardet             Alan Gray               Gerrit Groenhof      
       Anca Hamuraru            Vincent Hindriksen          M. Eric Irrgang      
      Aleksei Iupinov           Christoph Junghans             Joe Jordan        
    Dimitrios Karkoulis            Peter Kasson                Jiri Kraus        
      Carsten Kutzner              Per Larsson              Justin A. Lemkul     
       Viveca Lindahl            Magnus Lundborg             Erik Marklund       
        Pascal Merz             Pieter Meulenhoff            Teemu Murtola       
        Szilard Pall               Sander Pronk              Roland Schulz       
       Michael Shirts            Alexey Shvetsov             Alfons Sijbers      
       Peter Tieleman              Jon Vincent              Teemu Virolainen     
     Christian Wennberg            Maarten Wolf              Artem Zhmurov       
                           and the project leaders:
        Mark Abraham, Berk Hess, Erik Lindahl, and David van der Spoel

Copyright (c) 1991-2000, University of Groningen, The Netherlands.
Copyright (c) 2001-2019, The GROMACS development team at
Uppsala University, Stockholm University and
the Royal Institute of Technology, Sweden.
check out http://www.gromacs.org for more information.

GROMACS is free software; you can redistribute it and/or modify it
under the terms of the GNU Lesser General Public License
as published by the Free Software Foundation; either version 2.1
of the License, or (at your option) any later version.

GROMACS:      gmx mdrun, version 2021.2-MODIFIED
Executable:   /home/hpc_lhs_chiangyc/software/gromacs/2021.2-gcc8-cuda/bin/gmx
Data prefix:  /home/hpc_lhs_chiangyc/software/gromacs/2021.2-gcc8-cuda
Working dir:  /home/hpc_lhs_chiangyc/BIM3019/120090473/NPT
Process ID:   396500
Command line:
  gmx mdrun -v -deffnm npt -pme gpu -npme 1 -ntmpi 4 -ntomp 4

GROMACS version:    2021.2-MODIFIED
This program has been built from source code that has been altered and does not match the code released as part of the official GROMACS version 2021.2-MODIFIED. If you did not intend to use an altered GROMACS version, make sure to download an intact source distribution and compile that before proceeding.
If you have modified the source code, you are strongly encouraged to set your custom version suffix (using -DGMX_VERSION_STRING_OF_FORK) which will can help later with scientific reproducibility but also when reporting bugs.
Release checksum: d91a739522d82c53dc47c2276b9ac5fae3b2119283e84e3a1c7bed8ce741fda2
Computed checksum: 395838160b3c471d874f95fcd3c5d26cf99c12c2789ad67bcca602aee6a6879b
Precision:          mixed
Memory model:       64 bit
MPI library:        thread_mpi
OpenMP support:     enabled (GMX_OPENMP_MAX_THREADS = 64)
GPU support:        CUDA
SIMD instructions:  AVX_512
FFT library:        fftw-3.3.9-sse2-avx-avx2-avx2_128
RDTSCP usage:       enabled
TNG support:        enabled
Hwloc support:      disabled
Tracing support:    disabled
C compiler:         /home/software/gcc/gcc-8.3.0/bin/gcc GNU 8.3.0
C compiler flags:   -mavx512f -mfma -Wno-missing-field-initializers -fexcess-precision=fast -funroll-all-loops -pthread -O3 -DNDEBUG
C++ compiler:       /home/software/gcc/gcc-8.3.0/bin/g++ GNU 8.3.0
C++ compiler flags: -mavx512f -mfma -Wno-missing-field-initializers -fexcess-precision=fast -funroll-all-loops -pthread -fopenmp -O3 -DNDEBUG
CUDA compiler:      /usr/local/cuda-11.4/bin/nvcc nvcc: NVIDIA (R) Cuda compiler driver;Copyright (c) 2005-2021 NVIDIA Corporation;Built on Wed_Jun__2_19:15:15_PDT_2021;Cuda compilation tools, release 11.4, V11.4.48;Build cuda_11.4.r11.4/compiler.30033411_0
CUDA compiler flags:-std=c++17;-gencode;arch=compute_35,code=sm_35;-gencode;arch=compute_37,code=sm_37;-gencode;arch=compute_50,code=sm_50;-gencode;arch=compute_52,code=sm_52;-gencode;arch=compute_60,code=sm_60;-gencode;arch=compute_61,code=sm_61;-gencode;arch=compute_70,code=sm_70;-gencode;arch=compute_75,code=sm_75;-gencode;arch=compute_80,code=sm_80;-Wno-deprecated-gpu-targets;-gencode;arch=compute_86,code=sm_86;-gencode;arch=compute_35,code=compute_35;-gencode;arch=compute_53,code=compute_53;-gencode;arch=compute_80,code=compute_80;-use_fast_math;;-mavx512f -mfma -Wno-missing-field-initializers -fexcess-precision=fast -funroll-all-loops -pthread -fopenmp -O3 -DNDEBUG
CUDA driver:        11.40
CUDA runtime:       11.40


Running on 1 node with total 32 cores, 32 logical cores, 1 compatible GPU
Hardware detected:
  CPU info:
    Vendor: Intel
    Brand:  Intel(R) Xeon(R) Gold 6226R CPU @ 2.90GHz
    Family: 6   Model: 85   Stepping: 7
    Features: aes apic avx avx2 avx512f avx512cd avx512bw avx512vl avx512secondFMA clfsh cmov cx8 cx16 f16c fma hle htt intel lahf mmx msr nonstop_tsc pcid pclmuldq pdcm pdpe1gb popcnt pse rdrnd rdtscp rtm sse2 sse3 sse4.1 sse4.2 ssse3 tdt x2apic
    Number of AVX-512 FMA units: 2
  Hardware topology: Only logical processor count
  GPU info:
    Number of GPUs detected: 1
    #0: NVIDIA NVIDIA RTX A6000, compute cap.: 8.6, ECC:  no, stat: compatible


++++ PLEASE READ AND CITE THE FOLLOWING REFERENCE ++++
M. J. Abraham, T. Murtola, R. Schulz, S. Páll, J. C. Smith, B. Hess, E.
Lindahl
GROMACS: High performance molecular simulations through multi-level
parallelism from laptops to supercomputers
SoftwareX 1 (2015) pp. 19-25
-------- -------- --- Thank You --- -------- --------


++++ PLEASE READ AND CITE THE FOLLOWING REFERENCE ++++
S. Páll, M. J. Abraham, C. Kutzner, B. Hess, E. Lindahl
Tackling Exascale Software Challenges in Molecular Dynamics Simulations with
GROMACS
In S. Markidis & E. Laure (Eds.), Solving Software Challenges for Exascale 8759 (2015) pp. 3-27
-------- -------- --- Thank You --- -------- --------


++++ PLEASE READ AND CITE THE FOLLOWING REFERENCE ++++
S. Pronk, S. Páll, R. Schulz, P. Larsson, P. Bjelkmar, R. Apostolov, M. R.
Shirts, J. C. Smith, P. M. Kasson, D. van der Spoel, B. Hess, and E. Lindahl
GROMACS 4.5: a high-throughput and highly parallel open source molecular
simulation toolkit
Bioinformatics 29 (2013) pp. 845-54
-------- -------- --- Thank You --- -------- --------


++++ PLEASE READ AND CITE THE FOLLOWING REFERENCE ++++
B. Hess and C. Kutzner and D. van der Spoel and E. Lindahl
GROMACS 4: Algorithms for highly efficient, load-balanced, and scalable
molecular simulation
J. Chem. Theory Comput. 4 (2008) pp. 435-447
-------- -------- --- Thank You --- -------- --------


++++ PLEASE READ AND CITE THE FOLLOWING REFERENCE ++++
D. van der Spoel, E. Lindahl, B. Hess, G. Groenhof, A. E. Mark and H. J. C.
Berendsen
GROMACS: Fast, Flexible and Free
J. Comp. Chem. 26 (2005) pp. 1701-1719
-------- -------- --- Thank You --- -------- --------


++++ PLEASE READ AND CITE THE FOLLOWING REFERENCE ++++
E. Lindahl and B. Hess and D. van der Spoel
GROMACS 3.0: A package for molecular simulation and trajectory analysis
J. Mol. Mod. 7 (2001) pp. 306-317
-------- -------- --- Thank You --- -------- --------


++++ PLEASE READ AND CITE THE FOLLOWING REFERENCE ++++
H. J. C. Berendsen, D. van der Spoel and R. van Drunen
GROMACS: A message-passing parallel molecular dynamics implementation
Comp. Phys. Comm. 91 (1995) pp. 43-56
-------- -------- --- Thank You --- -------- --------


++++ PLEASE CITE THE DOI FOR THIS VERSION OF GROMACS ++++
https://doi.org/10.5281/zenodo.4723562
-------- -------- --- Thank You --- -------- --------

Input Parameters:
   integrator                     = md
   tinit                          = 0
   dt                             = 0.002
   nsteps                         = 50000
   init-step                      = 0
   simulation-part                = 1
   mts                            = false
   comm-mode                      = Linear
   nstcomm                        = 100
   bd-fric                        = 0
   ld-seed                        = 1551822719
   emtol                          = 10
   emstep                         = 0.01
   niter                          = 20
   fcstep                         = 0
   nstcgsteep                     = 1000
   nbfgscorr                      = 10
   rtpi                           = 0.05
   nstxout                        = 500
   nstvout                        = 500
   nstfout                        = 0
   nstlog                         = 500
   nstcalcenergy                  = 100
   nstenergy                      = 500
   nstxout-compressed             = 0
   compressed-x-precision         = 1000
   cutoff-scheme                  = Verlet
   nstlist                        = 10
   pbc                            = xyz
   periodic-molecules             = false
   verlet-buffer-tolerance        = 0.005
   rlist                          = 1
   coulombtype                    = PME
   coulomb-modifier               = Potential-shift
   rcoulomb-switch                = 0
   rcoulomb                       = 1
   epsilon-r                      = 1
   epsilon-rf                     = inf
   vdw-type                       = Cut-off
   vdw-modifier                   = Potential-shift
   rvdw-switch                    = 0
   rvdw                           = 1
   DispCorr                       = EnerPres
   table-extension                = 1
   fourierspacing                 = 0.16
   fourier-nx                     = 44
   fourier-ny                     = 44
   fourier-nz                     = 44
   pme-order                      = 4
   ewald-rtol                     = 1e-05
   ewald-rtol-lj                  = 0.001
   lj-pme-comb-rule               = Geometric
   ewald-geometry                 = 0
   epsilon-surface                = 0
   tcoupl                         = V-rescale
   nsttcouple                     = 10
   nh-chain-length                = 0
   print-nose-hoover-chain-variables = false
   pcoupl                         = Parrinello-Rahman
   pcoupltype                     = Isotropic
   nstpcouple                     = 10
   tau-p                          = 2
   compressibility (3x3):
      compressibility[    0]={ 4.50000e-05,  0.00000e+00,  0.00000e+00}
      compressibility[    1]={ 0.00000e+00,  4.50000e-05,  0.00000e+00}
      compressibility[    2]={ 0.00000e+00,  0.00000e+00,  4.50000e-05}
   ref-p (3x3):
      ref-p[    0]={ 1.00000e+00,  0.00000e+00,  0.00000e+00}
      ref-p[    1]={ 0.00000e+00,  1.00000e+00,  0.00000e+00}
      ref-p[    2]={ 0.00000e+00,  0.00000e+00,  1.00000e+00}
   refcoord-scaling               = COM
   posres-com (3):
      posres-com[0]= 4.97371e-01
      posres-com[1]= 5.02274e-01
      posres-com[2]= 4.99640e-01
   posres-comB (3):
      posres-comB[0]= 4.97371e-01
      posres-comB[1]= 5.02274e-01
      posres-comB[2]= 4.99640e-01
   QMMM                           = false
qm-opts:
   ngQM                           = 0
   constraint-algorithm           = Lincs
   continuation                   = true
   Shake-SOR                      = false
   shake-tol                      = 0.0001
   lincs-order                    = 4
   lincs-iter                     = 1
   lincs-warnangle                = 30
   nwall                          = 0
   wall-type                      = 9-3
   wall-r-linpot                  = -1
   wall-atomtype[0]               = -1
   wall-atomtype[1]               = -1
   wall-density[0]                = 0
   wall-density[1]                = 0
   wall-ewald-zfac                = 3
   pull                           = false
   awh                            = false
   rotation                       = false
   interactiveMD                  = false
   disre                          = No
   disre-weighting                = Conservative
   disre-mixed                    = false
   dr-fc                          = 1000
   dr-tau                         = 0
   nstdisreout                    = 100
   orire-fc                       = 0
   orire-tau                      = 0
   nstorireout                    = 100
   free-energy                    = no
   cos-acceleration               = 0
   deform (3x3):
      deform[    0]={ 0.00000e+00,  0.00000e+00,  0.00000e+00}
      deform[    1]={ 0.00000e+00,  0.00000e+00,  0.00000e+00}
      deform[    2]={ 0.00000e+00,  0.00000e+00,  0.00000e+00}
   simulated-tempering            = false
   swapcoords                     = no
   userint1                       = 0
   userint2                       = 0
   userint3                       = 0
   userint4                       = 0
   userreal1                      = 0
   userreal2                      = 0
   userreal3                      = 0
   userreal4                      = 0
   applied-forces:
     electric-field:
       x:
         E0                       = 0
         omega                    = 0
         t0                       = 0
         sigma                    = 0
       y:
         E0                       = 0
         omega                    = 0
         t0                       = 0
         sigma                    = 0
       z:
         E0                       = 0
         omega                    = 0
         t0                       = 0
         sigma                    = 0
     density-guided-simulation:
       active                     = false
       group                      = protein
       similarity-measure         = inner-product
       atom-spreading-weight      = unity
       force-constant             = 1e+09
       gaussian-transform-spreading-width = 0.2
       gaussian-transform-spreading-range-in-multiples-of-width = 4
       reference-density-filename = reference.mrc
       nst                        = 1
       normalize-densities        = true
       adaptive-force-scaling     = false
       adaptive-force-scaling-time-constant = 4
       shift-vector               = 
       transformation-matrix      = 
grpopts:
   nrdf:     4920.78     63711.2
   ref-t:         300         300
   tau-t:         0.1         0.1
annealing:          No          No
annealing-npoints:           0           0
   acc:	           0           0           0
   nfreeze:           N           N           N
   energygrp-flags[  0]: 0

Changing nstlist from 10 to 100, rlist from 1 to 1.165


Initializing Domain Decomposition on 4 ranks
Dynamic load balancing: auto
Using update groups, nr 11645, average size 2.9 atoms, max. radius 0.103 nm
Minimum cell size due to atom displacement: 0.646 nm
Initial maximum distances in bonded interactions:
    two-body bonded interactions: 0.447 nm, LJ-14, atoms 1156 1405
  multi-body bonded interactions: 0.447 nm, Ryckaert-Bell., atoms 1156 1405
Minimum cell size due to bonded interactions: 0.491 nm
Scaling the initial minimum size with 1/0.8 (option -dds) = 1.25
Using 1 separate PME ranks
Optimizing the DD grid for 3 cells with a minimum initial size of 0.808 nm
The maximum allowed number of cells is: X 8 Y 8 Z 8
Domain decomposition grid 3 x 1 x 1, separate PME ranks 1
PME domain decomposition: 1 x 1 x 1
Interleaving PP and PME ranks
This rank does only particle-particle work.
Domain decomposition rank 0, coordinates 0 0 0

The initial number of communication pulses is: X 1
The initial domain decomposition cell size is: X 2.34 nm

The maximum allowed distance for atom groups involved in interactions is:
                 non-bonded interactions           1.372 nm
(the following are initial values, they could change due to box deformation)
            two-body bonded interactions  (-rdd)   1.372 nm
          multi-body bonded interactions  (-rdd)   1.372 nm

When dynamic load balancing gets turned on, these settings will change to:
The maximum number of communication pulses is: X 1
The minimum size for domain decomposition cells is 1.372 nm
The requested allowed shrink of DD cells (option -dds) is: 0.80
The allowed shrink of domain decomposition cells is: X 0.59
The maximum allowed distance for atom groups involved in interactions is:
                 non-bonded interactions           1.372 nm
            two-body bonded interactions  (-rdd)   1.372 nm
          multi-body bonded interactions  (-rdd)   1.372 nm

On host kobilka-gpu06 1 GPU selected for this run.
Mapping of GPU IDs to the 4 GPU tasks in the 4 ranks on this node:
  PP:0,PP:0,PP:0,PME:0
PP tasks will do (non-perturbed) short-ranged interactions on the GPU
PP task will update and constrain coordinates on the CPU
PME tasks will do all aspects on the GPU
Using 4 MPI threads

Non-default thread affinity set, disabling internal thread affinity

Using 4 OpenMP threads per tMPI thread

System total charge: -0.000
Will do PME sum in reciprocal space for electrostatic interactions.

++++ PLEASE READ AND CITE THE FOLLOWING REFERENCE ++++
U. Essmann, L. Perera, M. L. Berkowitz, T. Darden, H. Lee and L. G. Pedersen 
A smooth particle mesh Ewald method
J. Chem. Phys. 103 (1995) pp. 8577-8592
-------- -------- --- Thank You --- -------- --------

Using a Gaussian width (1/beta) of 0.320163 nm for Ewald
Potential shift: LJ r^-12: -1.000e+00 r^-6: -1.000e+00, Ewald -1.000e-05
Initialized non-bonded Ewald tables, spacing: 9.33e-04 size: 1073

Generated table with 1082 data points for 1-4 COUL.
Tabscale = 500 points/nm
Generated table with 1082 data points for 1-4 LJ6.
Tabscale = 500 points/nm
Generated table with 1082 data points for 1-4 LJ12.
Tabscale = 500 points/nm
Long Range LJ corr.: <C6> 3.2141e-04


Using GPU 8x8 nonbonded short-range kernels

Using a dual 8x8 pair-list setup updated with dynamic, rolling pruning:
  outer list: updated every 100 steps, buffer 0.165 nm, rlist 1.165 nm
  inner list: updated every  10 steps, buffer 0.001 nm, rlist 1.001 nm
At tolerance 0.005 kJ/mol/ps per atom, equivalent classical 1x1 list would be:
  outer list: updated every 100 steps, buffer 0.318 nm, rlist 1.318 nm
  inner list: updated every  10 steps, buffer 0.042 nm, rlist 1.042 nm

Using geometric Lennard-Jones combination rule

Initializing LINear Constraint Solver

++++ PLEASE READ AND CITE THE FOLLOWING REFERENCE ++++
B. Hess and H. Bekker and H. J. C. Berendsen and J. G. E. M. Fraaije
LINCS: A Linear Constraint Solver for molecular simulations
J. Comp. Chem. 18 (1997) pp. 1463-1472
-------- -------- --- Thank You --- -------- --------

The number of constraints is 959

++++ PLEASE READ AND CITE THE FOLLOWING REFERENCE ++++
S. Miyamoto and P. A. Kollman
SETTLE: An Analytical Version of the SHAKE and RATTLE Algorithms for Rigid
Water Models
J. Comp. Chem. 13 (1992) pp. 952-962
-------- -------- --- Thank You --- -------- --------


Linking all bonded interactions to atoms


Intra-simulation communication will occur every 10 steps.

++++ PLEASE READ AND CITE THE FOLLOWING REFERENCE ++++
G. Bussi, D. Donadio and M. Parrinello
Canonical sampling through velocity rescaling
J. Chem. Phys. 126 (2007) pp. 014101
-------- -------- --- Thank You --- -------- --------

There are: 33792 Atoms
Atom distribution over 3 domains: av 11264 stddev 70 min 11185 max 11355

NOTE: DLB will not turn on during the first phase of PME tuning
Center of mass motion removal mode is Linear
We have the following groups for center of mass motion removal:
  0:  rest

Started mdrun on rank 0 Fri Mar  4 16:51:13 2022

           Step           Time
              0        0.00000

   Energies (kJ/mol)
           Bond          Angle    Proper Dih. Ryckaert-Bell.          LJ-14
    1.55598e+03    3.67864e+03    2.46925e+02    1.80591e+03    2.63247e+03
     Coulomb-14        LJ (SR)  Disper. corr.   Coulomb (SR)   Coul. recip.
    7.71650e+03    9.31815e+04   -4.45742e+03   -6.47672e+05    3.08709e+03
 Position Rest.      Potential    Kinetic En.   Total Energy  Conserved En.
    7.67102e-08   -5.38225e+05    8.58837e+04   -4.52341e+05   -4.52320e+05
    Temperature Pres. DC (bar) Pressure (bar)   Constr. rmsd
    3.01009e+02   -2.15126e+02   -6.10144e+02    2.52818e-06


DD  step 99 load imb.: force  9.7%  pme mesh/force 1.223

DD  step 499 load imb.: force 19.0%  pme mesh/force 1.010
           Step           Time
            500        1.00000

   Energies (kJ/mol)
           Bond          Angle    Proper Dih. Ryckaert-Bell.          LJ-14
    1.35874e+03    3.67278e+03    2.23365e+02    1.77396e+03    2.70902e+03
     Coulomb-14        LJ (SR)  Disper. corr.   Coulomb (SR)   Coul. recip.
    7.71978e+03    9.69815e+04   -4.57332e+03   -6.53886e+05    2.97255e+03
 Position Rest.      Potential    Kinetic En.   Total Energy  Conserved En.
    4.33672e+02   -5.40614e+05    8.53216e+04   -4.55292e+05   -4.52548e+05
    Temperature Pres. DC (bar) Pressure (bar)   Constr. rmsd
    2.99039e+02   -2.26445e+02    5.61242e+02    3.23412e-06


DD  step 999 load imb.: force 18.7%  pme mesh/force 1.010
           Step           Time
           1000        2.00000

   Energies (kJ/mol)
           Bond          Angle    Proper Dih. Ryckaert-Bell.          LJ-14
    1.38567e+03    3.91341e+03    2.38378e+02    1.82135e+03    2.62488e+03
     Coulomb-14        LJ (SR)  Disper. corr.   Coulomb (SR)   Coul. recip.
    7.80127e+03    9.49849e+04   -4.57587e+03   -6.50619e+05    3.10891e+03
 Position Rest.      Potential    Kinetic En.   Total Energy  Conserved En.
    4.51587e+02   -5.38864e+05    8.46359e+04   -4.54228e+05   -4.52520e+05
    Temperature Pres. DC (bar) Pressure (bar)   Constr. rmsd
    2.96636e+02   -2.26696e+02    1.15190e+02    2.89312e-06


DD  step 1499 load imb.: force 19.4%  pme mesh/force 1.031
           Step           Time
           1500        3.00000

   Energies (kJ/mol)
           Bond          Angle    Proper Dih. Ryckaert-Bell.          LJ-14
    1.54676e+03    3.77757e+03    2.85976e+02    1.82312e+03    2.65641e+03
     Coulomb-14        LJ (SR)  Disper. corr.   Coulomb (SR)   Coul. recip.
    7.70073e+03    9.52546e+04   -4.57187e+03   -6.50545e+05    2.94851e+03
 Position Rest.      Potential    Kinetic En.   Total Energy  Conserved En.
    4.64954e+02   -5.38659e+05    8.56824e+04   -4.52976e+05   -4.52524e+05
    Temperature Pres. DC (bar) Pressure (bar)   Constr. rmsd
    3.00304e+02   -2.26301e+02    8.60847e+01    2.74266e-06


DD  step 1999 load imb.: force 18.6%  pme mesh/force 1.001
           Step           Time
           2000        4.00000

   Energies (kJ/mol)
           Bond          Angle    Proper Dih. Ryckaert-Bell.          LJ-14
    1.50319e+03    3.66852e+03    2.34862e+02    1.84783e+03    2.66300e+03
     Coulomb-14        LJ (SR)  Disper. corr.   Coulomb (SR)   Coul. recip.
    7.67127e+03    9.42093e+04   -4.58928e+03   -6.49223e+05    2.93712e+03
 Position Rest.      Potential    Kinetic En.   Total Energy  Conserved En.
    4.77913e+02   -5.38599e+05    8.55599e+04   -4.53040e+05   -4.52544e+05
    Temperature Pres. DC (bar) Pressure (bar)   Constr. rmsd
    2.99874e+02   -2.28026e+02   -2.81263e+01    2.52591e-06


DD  step 2499 load imb.: force 18.6%  pme mesh/force 0.988
           Step           Time
           2500        5.00000

   Energies (kJ/mol)
           Bond          Angle    Proper Dih. Ryckaert-Bell.          LJ-14
    1.38316e+03    3.72202e+03    2.22528e+02    1.83417e+03    2.66696e+03
     Coulomb-14        LJ (SR)  Disper. corr.   Coulomb (SR)   Coul. recip.
    7.80829e+03    9.38637e+04   -4.58237e+03   -6.49291e+05    2.99090e+03
 Position Rest.      Potential    Kinetic En.   Total Energy  Conserved En.
    4.68366e+02   -5.38914e+05    8.49484e+04   -4.53965e+05   -4.52552e+05
    Temperature Pres. DC (bar) Pressure (bar)   Constr. rmsd
    2.97731e+02   -2.27340e+02   -7.11752e+01    2.54333e-06


DD  step 2999 load imb.: force 18.8%  pme mesh/force 1.013
           Step           Time
           3000        6.00000

   Energies (kJ/mol)
           Bond          Angle    Proper Dih. Ryckaert-Bell.          LJ-14
    1.47557e+03    3.63782e+03    2.84118e+02    1.83651e+03    2.75775e+03
     Coulomb-14        LJ (SR)  Disper. corr.   Coulomb (SR)   Coul. recip.
    7.78813e+03    9.38489e+04   -4.57458e+03   -6.50680e+05    3.08282e+03
 Position Rest.      Potential    Kinetic En.   Total Energy  Conserved En.
    4.60305e+02   -5.40082e+05    8.63779e+04   -4.53704e+05   -4.52556e+05
    Temperature Pres. DC (bar) Pressure (bar)   Constr. rmsd
    3.02741e+02   -2.26569e+02   -1.18629e+02    2.76744e-06


DD  step 3499 load imb.: force 19.1%  pme mesh/force 0.991
           Step           Time
           3500        7.00000

   Energies (kJ/mol)
           Bond          Angle    Proper Dih. Ryckaert-Bell.          LJ-14
    1.40830e+03    3.56795e+03    2.70253e+02    1.81122e+03    2.60089e+03
     Coulomb-14        LJ (SR)  Disper. corr.   Coulomb (SR)   Coul. recip.
    7.73711e+03    9.42066e+04   -4.56828e+03   -6.50911e+05    2.96876e+03
 Position Rest.      Potential    Kinetic En.   Total Energy  Conserved En.
    4.92652e+02   -5.40416e+05    8.45237e+04   -4.55892e+05   -4.52556e+05
    Temperature Pres. DC (bar) Pressure (bar)   Constr. rmsd
    2.96243e+02   -2.25946e+02   -2.04429e+02    2.81832e-06


DD  step 3999 load imb.: force 19.0%  pme mesh/force 0.979
           Step           Time
           4000        8.00000

   Energies (kJ/mol)
           Bond          Angle    Proper Dih. Ryckaert-Bell.          LJ-14
    1.34418e+03    3.77869e+03    2.44365e+02    1.87919e+03    2.65627e+03
     Coulomb-14        LJ (SR)  Disper. corr.   Coulomb (SR)   Coul. recip.
    7.79821e+03    9.29640e+04   -4.57620e+03   -6.47627e+05    2.98510e+03
 Position Rest.      Potential    Kinetic En.   Total Energy  Conserved En.
    4.71548e+02   -5.38081e+05    8.53737e+04   -4.52708e+05   -4.52546e+05
    Temperature Pres. DC (bar) Pressure (bar)   Constr. rmsd
    2.99222e+02   -2.26729e+02   -2.94550e+02    3.18708e-06


DD  step 4499 load imb.: force 18.4%  pme mesh/force 1.008
           Step           Time
           4500        9.00000

   Energies (kJ/mol)
           Bond          Angle    Proper Dih. Ryckaert-Bell.          LJ-14
    1.45034e+03    3.82679e+03    2.16029e+02    1.67286e+03    2.64423e+03
     Coulomb-14        LJ (SR)  Disper. corr.   Coulomb (SR)   Coul. recip.
    7.76659e+03    9.48025e+04   -4.56870e+03   -6.49993e+05    2.96422e+03
 Position Rest.      Potential    Kinetic En.   Total Energy  Conserved En.
    4.89157e+02   -5.38729e+05    8.63564e+04   -4.52373e+05   -4.52550e+05
    Temperature Pres. DC (bar) Pressure (bar)   Constr. rmsd
    3.02666e+02   -2.25988e+02   -4.84607e+01    2.64222e-06


DD  step 4999 load imb.: force 18.6%  pme mesh/force 0.980
           Step           Time
           5000       10.00000

   Energies (kJ/mol)
           Bond          Angle    Proper Dih. Ryckaert-Bell.          LJ-14
    1.45731e+03    3.84844e+03    2.42672e+02    1.76319e+03    2.60174e+03
     Coulomb-14        LJ (SR)  Disper. corr.   Coulomb (SR)   Coul. recip.
    7.73362e+03    9.36328e+04   -4.58781e+03   -6.47674e+05    3.09089e+03
 Position Rest.      Potential    Kinetic En.   Total Energy  Conserved En.
    4.74240e+02   -5.37417e+05    8.62905e+04   -4.51127e+05   -4.52534e+05
    Temperature Pres. DC (bar) Pressure (bar)   Constr. rmsd
    3.02435e+02   -2.27880e+02   -6.95848e+01    2.88393e-06


DD  step 5499 load imb.: force 19.2%  pme mesh/force 0.962
           Step           Time
           5500       11.00000

   Energies (kJ/mol)
           Bond          Angle    Proper Dih. Ryckaert-Bell.          LJ-14
    1.52445e+03    3.56742e+03    2.29252e+02    1.79463e+03    2.64579e+03
     Coulomb-14        LJ (SR)  Disper. corr.   Coulomb (SR)   Coul. recip.
    7.71278e+03    9.36724e+04   -4.56983e+03   -6.48437e+05    3.03092e+03
 Position Rest.      Potential    Kinetic En.   Total Energy  Conserved En.
    4.51511e+02   -5.38377e+05    8.53880e+04   -4.52989e+05   -4.52552e+05
    Temperature Pres. DC (bar) Pressure (bar)   Constr. rmsd
    2.99272e+02   -2.26099e+02   -1.64267e+02    2.99317e-06


DD  step 5999 load imb.: force 18.7%  pme mesh/force 0.966
           Step           Time
           6000       12.00000

   Energies (kJ/mol)
           Bond          Angle    Proper Dih. Ryckaert-Bell.          LJ-14
    1.49807e+03    3.69934e+03    2.24090e+02    1.74733e+03    2.71757e+03
     Coulomb-14        LJ (SR)  Disper. corr.   Coulomb (SR)   Coul. recip.
    7.78167e+03    9.36553e+04   -4.58720e+03   -6.48508e+05    3.08160e+03
 Position Rest.      Potential    Kinetic En.   Total Energy  Conserved En.
    4.74474e+02   -5.38215e+05    8.52742e+04   -4.52941e+05   -4.52546e+05
    Temperature Pres. DC (bar) Pressure (bar)   Constr. rmsd
    2.98873e+02   -2.27819e+02   -5.88585e+01    2.59623e-06


DD  step 6499 load imb.: force 18.4%  pme mesh/force 0.998
           Step           Time
           6500       13.00000

   Energies (kJ/mol)
           Bond          Angle    Proper Dih. Ryckaert-Bell.          LJ-14
    1.43957e+03    3.62870e+03    2.60433e+02    1.88478e+03    2.63639e+03
     Coulomb-14        LJ (SR)  Disper. corr.   Coulomb (SR)   Coul. recip.
    7.71976e+03    9.45834e+04   -4.59181e+03   -6.50334e+05    3.09215e+03
 Position Rest.      Potential    Kinetic En.   Total Energy  Conserved En.
    4.68116e+02   -5.39212e+05    8.64423e+04   -4.52770e+05   -4.52570e+05
    Temperature Pres. DC (bar) Pressure (bar)   Constr. rmsd
    3.02967e+02   -2.28277e+02    2.12098e+01    3.09108e-06


DD  step 6999 load imb.: force 19.1%  pme mesh/force 1.007
           Step           Time
           7000       14.00000

   Energies (kJ/mol)
           Bond          Angle    Proper Dih. Ryckaert-Bell.          LJ-14
    1.44994e+03    3.72118e+03    2.40751e+02    1.87057e+03    2.67874e+03
     Coulomb-14        LJ (SR)  Disper. corr.   Coulomb (SR)   Coul. recip.
    7.84809e+03    9.34414e+04   -4.58041e+03   -6.49182e+05    3.03838e+03
 Position Rest.      Potential    Kinetic En.   Total Energy  Conserved En.
    4.57716e+02   -5.39016e+05    8.43702e+04   -4.54646e+05   -4.52556e+05
    Temperature Pres. DC (bar) Pressure (bar)   Constr. rmsd
    2.95705e+02   -2.27146e+02   -1.39423e+02    2.86291e-06


DD  step 7499 load imb.: force 18.4%  pme mesh/force 0.986
           Step           Time
           7500       15.00000

   Energies (kJ/mol)
           Bond          Angle    Proper Dih. Ryckaert-Bell.          LJ-14
    1.48196e+03    3.77233e+03    3.07664e+02    1.82557e+03    2.64788e+03
     Coulomb-14        LJ (SR)  Disper. corr.   Coulomb (SR)   Coul. recip.
    7.72362e+03    9.45845e+04   -4.58660e+03   -6.48822e+05    3.09522e+03
 Position Rest.      Potential    Kinetic En.   Total Energy  Conserved En.
    4.88877e+02   -5.37481e+05    8.59813e+04   -4.51500e+05   -4.52567e+05
    Temperature Pres. DC (bar) Pressure (bar)   Constr. rmsd
    3.01352e+02   -2.27760e+02    1.06249e+02    2.91087e-06


DD  step 7999 load imb.: force 18.7%  pme mesh/force 0.975
           Step           Time
           8000       16.00000

   Energies (kJ/mol)
           Bond          Angle    Proper Dih. Ryckaert-Bell.          LJ-14
    1.48987e+03    3.60577e+03    2.57178e+02    1.71039e+03    2.60105e+03
     Coulomb-14        LJ (SR)  Disper. corr.   Coulomb (SR)   Coul. recip.
    7.68386e+03    9.46418e+04   -4.58567e+03   -6.50552e+05    3.09630e+03
 Position Rest.      Potential    Kinetic En.   Total Energy  Conserved En.
    4.58403e+02   -5.39593e+05    8.62911e+04   -4.53302e+05   -4.52593e+05
    Temperature Pres. DC (bar) Pressure (bar)   Constr. rmsd
    3.02437e+02   -2.27668e+02   -1.05466e+02    2.89400e-06


NOTE: DLB can now turn on, when beneficial

DD  step 8499 load imb.: force 18.5%  pme mesh/force 1.006
           Step           Time
           8500       17.00000

   Energies (kJ/mol)
           Bond          Angle    Proper Dih. Ryckaert-Bell.          LJ-14
    1.56190e+03    3.69628e+03    2.45837e+02    1.84832e+03    2.63746e+03
     Coulomb-14        LJ (SR)  Disper. corr.   Coulomb (SR)   Coul. recip.
    7.76121e+03    9.54989e+04   -4.58155e+03   -6.52118e+05    2.93478e+03
 Position Rest.      Potential    Kinetic En.   Total Energy  Conserved En.
    4.42609e+02   -5.40073e+05    8.60549e+04   -4.54018e+05   -4.52560e+05
    Temperature Pres. DC (bar) Pressure (bar)   Constr. rmsd
    3.01609e+02   -2.27259e+02    7.02003e+01    2.87729e-06


DD  step 8999 load imb.: force 18.6%  pme mesh/force 1.008
           Step           Time
           9000       18.00000

   Energies (kJ/mol)
           Bond          Angle    Proper Dih. Ryckaert-Bell.          LJ-14
    1.51375e+03    3.77551e+03    2.13855e+02    1.82807e+03    2.65223e+03
     Coulomb-14        LJ (SR)  Disper. corr.   Coulomb (SR)   Coul. recip.
    7.67489e+03    9.57591e+04   -4.58174e+03   -6.51402e+05    3.00771e+03
 Position Rest.      Potential    Kinetic En.   Total Energy  Conserved En.
    4.36183e+02   -5.39122e+05    8.49075e+04   -4.54215e+05   -4.52552e+05
    Temperature Pres. DC (bar) Pressure (bar)   Constr. rmsd
    2.97588e+02   -2.27278e+02    2.06720e+02    2.82384e-06


DD  step 9499 load imb.: force 18.9%  pme mesh/force 1.001
           Step           Time
           9500       19.00000

   Energies (kJ/mol)
           Bond          Angle    Proper Dih. Ryckaert-Bell.          LJ-14
    1.43414e+03    3.80770e+03    2.77302e+02    1.88964e+03    2.75504e+03
     Coulomb-14        LJ (SR)  Disper. corr.   Coulomb (SR)   Coul. recip.
    7.78983e+03    9.47253e+04   -4.57529e+03   -6.50183e+05    3.07159e+03
 Position Rest.      Potential    Kinetic En.   Total Energy  Conserved En.
    4.52203e+02   -5.38555e+05    8.60511e+04   -4.52504e+05   -4.52564e+05
    Temperature Pres. DC (bar) Pressure (bar)   Constr. rmsd
    3.01596e+02   -2.26639e+02    1.35421e+02    2.61880e-06


DD  step 9999 load imb.: force 19.1%  pme mesh/force 1.008
           Step           Time
          10000       20.00000

   Energies (kJ/mol)
           Bond          Angle    Proper Dih. Ryckaert-Bell.          LJ-14
    1.39752e+03    3.66109e+03    2.56363e+02    1.91157e+03    2.68951e+03
     Coulomb-14        LJ (SR)  Disper. corr.   Coulomb (SR)   Coul. recip.
    7.78885e+03    9.37976e+04   -4.58196e+03   -6.48462e+05    2.96755e+03
 Position Rest.      Potential    Kinetic En.   Total Energy  Conserved En.
    4.32157e+02   -5.38141e+05    8.66110e+04   -4.51530e+05   -4.52574e+05
    Temperature Pres. DC (bar) Pressure (bar)   Constr. rmsd
    3.03558e+02   -2.27300e+02    3.78665e+01    2.93875e-06


DD  step 10499 load imb.: force 18.9%  pme mesh/force 0.979
           Step           Time
          10500       21.00000

   Energies (kJ/mol)
           Bond          Angle    Proper Dih. Ryckaert-Bell.          LJ-14
    1.43786e+03    3.74180e+03    2.37887e+02    1.84898e+03    2.64997e+03
     Coulomb-14        LJ (SR)  Disper. corr.   Coulomb (SR)   Coul. recip.
    7.72095e+03    9.43184e+04   -4.58353e+03   -6.48533e+05    3.03018e+03
 Position Rest.      Potential    Kinetic En.   Total Energy  Conserved En.
    4.86904e+02   -5.37644e+05    8.56251e+04   -4.52019e+05   -4.52565e+05
    Temperature Pres. DC (bar) Pressure (bar)   Constr. rmsd
    3.00103e+02   -2.27455e+02    1.17495e+02    2.95851e-06


DD  step 10999 load imb.: force 18.3%  pme mesh/force 0.998
           Step           Time
          11000       22.00000

   Energies (kJ/mol)
           Bond          Angle    Proper Dih. Ryckaert-Bell.          LJ-14
    1.46439e+03    3.77540e+03    2.26369e+02    1.73663e+03    2.68947e+03
     Coulomb-14        LJ (SR)  Disper. corr.   Coulomb (SR)   Coul. recip.
    7.76272e+03    9.29745e+04   -4.59027e+03   -6.47702e+05    3.05642e+03
 Position Rest.      Potential    Kinetic En.   Total Energy  Conserved En.
    4.72285e+02   -5.38134e+05    8.55136e+04   -4.52620e+05   -4.52553e+05
    Temperature Pres. DC (bar) Pressure (bar)   Constr. rmsd
    2.99712e+02   -2.28124e+02   -1.71037e+02    2.63509e-06


DD  step 11499 load imb.: force 18.3%  pme mesh/force 1.010
           Step           Time
          11500       23.00000

   Energies (kJ/mol)
           Bond          Angle    Proper Dih. Ryckaert-Bell.          LJ-14
    1.44011e+03    3.76643e+03    2.47935e+02    1.84895e+03    2.72081e+03
     Coulomb-14        LJ (SR)  Disper. corr.   Coulomb (SR)   Coul. recip.
    7.80194e+03    9.52150e+04   -4.60263e+03   -6.51106e+05    2.96893e+03
 Position Rest.      Potential    Kinetic En.   Total Energy  Conserved En.
    5.07709e+02   -5.39191e+05    8.54437e+04   -4.53747e+05   -4.52549e+05
    Temperature Pres. DC (bar) Pressure (bar)   Constr. rmsd
    2.99467e+02   -2.29352e+02    2.13734e+02    2.38632e-06


DD  step 11999 load imb.: force 18.6%  pme mesh/force 1.012
           Step           Time
          12000       24.00000

   Energies (kJ/mol)
           Bond          Angle    Proper Dih. Ryckaert-Bell.          LJ-14
    1.49578e+03    3.72597e+03    2.77608e+02    1.86174e+03    2.67569e+03
     Coulomb-14        LJ (SR)  Disper. corr.   Coulomb (SR)   Coul. recip.
    7.76191e+03    9.37372e+04   -4.59592e+03   -6.48356e+05    3.02939e+03
 Position Rest.      Potential    Kinetic En.   Total Energy  Conserved En.
    4.83273e+02   -5.37903e+05    8.57733e+04   -4.52130e+05   -4.52560e+05
    Temperature Pres. DC (bar) Pressure (bar)   Constr. rmsd
    3.00622e+02   -2.28685e+02    2.53241e+01    2.72972e-06


DD  step 12499 load imb.: force 18.1%  pme mesh/force 1.011
           Step           Time
          12500       25.00000

   Energies (kJ/mol)
           Bond          Angle    Proper Dih. Ryckaert-Bell.          LJ-14
    1.46674e+03    3.75259e+03    2.56663e+02    1.75759e+03    2.60232e+03
     Coulomb-14        LJ (SR)  Disper. corr.   Coulomb (SR)   Coul. recip.
    7.67342e+03    9.32868e+04   -4.58720e+03   -6.48285e+05    2.98565e+03
 Position Rest.      Potential    Kinetic En.   Total Energy  Conserved En.
    4.56375e+02   -5.38634e+05    8.53523e+04   -4.53281e+05   -4.52556e+05
    Temperature Pres. DC (bar) Pressure (bar)   Constr. rmsd
    2.99147e+02   -2.27819e+02   -2.18717e+02    2.88159e-06


DD  step 12999 load imb.: force 18.6%  pme mesh/force 1.018
           Step           Time
          13000       26.00000

   Energies (kJ/mol)
           Bond          Angle    Proper Dih. Ryckaert-Bell.          LJ-14
    1.39318e+03    3.66776e+03    2.39129e+02    1.91892e+03    2.65191e+03
     Coulomb-14        LJ (SR)  Disper. corr.   Coulomb (SR)   Coul. recip.
    7.75444e+03    9.33109e+04   -4.57578e+03   -6.47960e+05    3.03579e+03
 Position Rest.      Potential    Kinetic En.   Total Energy  Conserved En.
    4.71953e+02   -5.38091e+05    8.54451e+04   -4.52646e+05   -4.52582e+05
    Temperature Pres. DC (bar) Pressure (bar)   Constr. rmsd
    2.99472e+02   -2.26688e+02   -1.31366e+02    3.33923e-06


DD  step 13499 load imb.: force 18.2%  pme mesh/force 0.994
           Step           Time
          13500       27.00000

   Energies (kJ/mol)
           Bond          Angle    Proper Dih. Ryckaert-Bell.          LJ-14
    1.40096e+03    3.61838e+03    2.59537e+02    1.83392e+03    2.61612e+03
     Coulomb-14        LJ (SR)  Disper. corr.   Coulomb (SR)   Coul. recip.
    7.76085e+03    9.35208e+04   -4.56530e+03   -6.49077e+05    3.08960e+03
 Position Rest.      Potential    Kinetic En.   Total Energy  Conserved En.
    4.50196e+02   -5.39092e+05    8.55073e+04   -4.53584e+05   -4.52588e+05
    Temperature Pres. DC (bar) Pressure (bar)   Constr. rmsd
    2.99690e+02   -2.25652e+02   -2.52613e+02    2.77181e-06


DD  step 13999 load imb.: force 18.3%  pme mesh/force 1.019
           Step           Time
          14000       28.00000

   Energies (kJ/mol)
           Bond          Angle    Proper Dih. Ryckaert-Bell.          LJ-14
    1.59196e+03    3.69093e+03    2.45967e+02    1.77968e+03    2.69778e+03
     Coulomb-14        LJ (SR)  Disper. corr.   Coulomb (SR)   Coul. recip.
    7.73348e+03    9.40104e+04   -4.57411e+03   -6.48449e+05    3.08785e+03
 Position Rest.      Potential    Kinetic En.   Total Energy  Conserved En.
    4.75730e+02   -5.37709e+05    8.50998e+04   -4.52609e+05   -4.52571e+05
    Temperature Pres. DC (bar) Pressure (bar)   Constr. rmsd
    2.98262e+02   -2.26523e+02   -1.65491e+02    2.77963e-06


DD  step 14499 load imb.: force 18.1%  pme mesh/force 1.005
           Step           Time
          14500       29.00000

   Energies (kJ/mol)
           Bond          Angle    Proper Dih. Ryckaert-Bell.          LJ-14
    1.44231e+03    3.66330e+03    2.25366e+02    1.81405e+03    2.67343e+03
     Coulomb-14        LJ (SR)  Disper. corr.   Coulomb (SR)   Coul. recip.
    7.70600e+03    9.40271e+04   -4.56190e+03   -6.48584e+05    3.10392e+03
 Position Rest.      Potential    Kinetic En.   Total Energy  Conserved En.
    4.91716e+02   -5.37998e+05    8.41502e+04   -4.53848e+05   -4.52572e+05
    Temperature Pres. DC (bar) Pressure (bar)   Constr. rmsd
    2.94934e+02   -2.25316e+02    4.55011e+01    2.68407e-06


DD  step 14999 load imb.: force 18.7%  pme mesh/force 0.992
           Step           Time
          15000       30.00000

   Energies (kJ/mol)
           Bond          Angle    Proper Dih. Ryckaert-Bell.          LJ-14
    1.37719e+03    3.68282e+03    2.59750e+02    1.82949e+03    2.70992e+03
     Coulomb-14        LJ (SR)  Disper. corr.   Coulomb (SR)   Coul. recip.
    7.80046e+03    9.33117e+04   -4.57786e+03   -6.48183e+05    3.07021e+03
 Position Rest.      Potential    Kinetic En.   Total Energy  Conserved En.
    4.71352e+02   -5.38248e+05    8.55083e+04   -4.52740e+05   -4.52581e+05
    Temperature Pres. DC (bar) Pressure (bar)   Constr. rmsd
    2.99694e+02   -2.26894e+02   -1.43377e+02    2.89614e-06


DD  step 15499 load imb.: force 18.6%  pme mesh/force 1.012
           Step           Time
          15500       31.00000

   Energies (kJ/mol)
           Bond          Angle    Proper Dih. Ryckaert-Bell.          LJ-14
    1.40532e+03    3.64121e+03    2.64539e+02    1.84151e+03    2.62831e+03
     Coulomb-14        LJ (SR)  Disper. corr.   Coulomb (SR)   Coul. recip.
    7.65972e+03    9.32562e+04   -4.55556e+03   -6.48407e+05    3.03293e+03
 Position Rest.      Potential    Kinetic En.   Total Energy  Conserved En.
    4.53703e+02   -5.38780e+05    8.43134e+04   -4.54466e+05   -4.52578e+05
    Temperature Pres. DC (bar) Pressure (bar)   Constr. rmsd
    2.95506e+02   -2.24691e+02   -2.08679e+02    2.77048e-06


DD  step 15999 load imb.: force 18.4%  pme mesh/force 1.009
           Step           Time
          16000       32.00000

   Energies (kJ/mol)
           Bond          Angle    Proper Dih. Ryckaert-Bell.          LJ-14
    1.45711e+03    3.75255e+03    2.24356e+02    1.74468e+03    2.65011e+03
     Coulomb-14        LJ (SR)  Disper. corr.   Coulomb (SR)   Coul. recip.
    7.62180e+03    9.34924e+04   -4.55952e+03   -6.48436e+05    3.05653e+03
 Position Rest.      Potential    Kinetic En.   Total Energy  Conserved En.
    4.40244e+02   -5.38556e+05    8.62558e+04   -4.52300e+05   -4.52581e+05
    Temperature Pres. DC (bar) Pressure (bar)   Constr. rmsd
    3.02314e+02   -2.25082e+02   -1.09350e+02    3.09291e-06


DD  step 16499 load imb.: force 18.6%  pme mesh/force 0.993
           Step           Time
          16500       33.00000

   Energies (kJ/mol)
           Bond          Angle    Proper Dih. Ryckaert-Bell.          LJ-14
    1.48159e+03    3.77675e+03    2.08641e+02    1.83022e+03    2.67899e+03
     Coulomb-14        LJ (SR)  Disper. corr.   Coulomb (SR)   Coul. recip.
    7.63987e+03    9.48790e+04   -4.55914e+03   -6.49860e+05    3.06624e+03
 Position Rest.      Potential    Kinetic En.   Total Energy  Conserved En.
    4.90155e+02   -5.38368e+05    8.58837e+04   -4.52484e+05   -4.52583e+05
    Temperature Pres. DC (bar) Pressure (bar)   Constr. rmsd
    3.01009e+02   -2.25044e+02   -2.76048e+01    2.68960e-06


DD  step 16999 load imb.: force 18.4%  pme mesh/force 0.999
           Step           Time
          17000       34.00000

   Energies (kJ/mol)
           Bond          Angle    Proper Dih. Ryckaert-Bell.          LJ-14
    1.41396e+03    3.73842e+03    2.75767e+02    1.76649e+03    2.74817e+03
     Coulomb-14        LJ (SR)  Disper. corr.   Coulomb (SR)   Coul. recip.
    7.73780e+03    9.44193e+04   -4.59040e+03   -6.50028e+05    3.09609e+03
 Position Rest.      Potential    Kinetic En.   Total Energy  Conserved En.
    4.95505e+02   -5.38926e+05    8.58864e+04   -4.53040e+05   -4.52576e+05
    Temperature Pres. DC (bar) Pressure (bar)   Constr. rmsd
    3.01019e+02   -2.28137e+02    2.61546e+02    3.00552e-06


DD  step 17499 load imb.: force 18.3%  pme mesh/force 1.003
           Step           Time
          17500       35.00000

   Energies (kJ/mol)
           Bond          Angle    Proper Dih. Ryckaert-Bell.          LJ-14
    1.48351e+03    3.61695e+03    2.83999e+02    1.87336e+03    2.77646e+03
     Coulomb-14        LJ (SR)  Disper. corr.   Coulomb (SR)   Coul. recip.
    7.77529e+03    9.48912e+04   -4.57148e+03   -6.50110e+05    3.05301e+03
 Position Rest.      Potential    Kinetic En.   Total Energy  Conserved En.
    5.01984e+02   -5.38425e+05    8.48620e+04   -4.53563e+05   -4.52583e+05
    Temperature Pres. DC (bar) Pressure (bar)   Constr. rmsd
    2.97428e+02   -2.26262e+02    7.19211e+01    3.08430e-06


DD  step 17999 load imb.: force 18.4%  pme mesh/force 1.002
           Step           Time
          18000       36.00000

   Energies (kJ/mol)
           Bond          Angle    Proper Dih. Ryckaert-Bell.          LJ-14
    1.42636e+03    3.69849e+03    2.31112e+02    1.75480e+03    2.68313e+03
     Coulomb-14        LJ (SR)  Disper. corr.   Coulomb (SR)   Coul. recip.
    7.77487e+03    9.48859e+04   -4.58250e+03   -6.49548e+05    3.04943e+03
 Position Rest.      Potential    Kinetic En.   Total Energy  Conserved En.
    4.80117e+02   -5.38146e+05    8.49592e+04   -4.53187e+05   -4.52568e+05
    Temperature Pres. DC (bar) Pressure (bar)   Constr. rmsd
    2.97769e+02   -2.27353e+02    2.74474e+02    2.90985e-06


DD  step 18499 load imb.: force 18.7%  pme mesh/force 0.997
           Step           Time
          18500       37.00000

   Energies (kJ/mol)
           Bond          Angle    Proper Dih. Ryckaert-Bell.          LJ-14
    1.62503e+03    3.73065e+03    2.58789e+02    1.86617e+03    2.57100e+03
     Coulomb-14        LJ (SR)  Disper. corr.   Coulomb (SR)   Coul. recip.
    7.65804e+03    9.44915e+04   -4.56919e+03   -6.49303e+05    3.03015e+03
 Position Rest.      Potential    Kinetic En.   Total Energy  Conserved En.
    4.74605e+02   -5.38166e+05    8.59832e+04   -4.52183e+05   -4.52586e+05
    Temperature Pres. DC (bar) Pressure (bar)   Constr. rmsd
    3.01358e+02   -2.26036e+02   -1.48859e+02    3.04522e-06


DD  step 18999 load imb.: force 19.0%  pme mesh/force 0.991
           Step           Time
          19000       38.00000

   Energies (kJ/mol)
           Bond          Angle    Proper Dih. Ryckaert-Bell.          LJ-14
    1.38260e+03    3.59857e+03    2.74144e+02    1.77460e+03    2.74453e+03
     Coulomb-14        LJ (SR)  Disper. corr.   Coulomb (SR)   Coul. recip.
    7.73765e+03    9.55334e+04   -4.58188e+03   -6.51105e+05    3.07451e+03
 Position Rest.      Potential    Kinetic En.   Total Energy  Conserved En.
    4.82232e+02   -5.39084e+05    8.57998e+04   -4.53285e+05   -4.52596e+05
    Temperature Pres. DC (bar) Pressure (bar)   Constr. rmsd
    3.00715e+02   -2.27291e+02    2.63226e+02    2.95438e-06


DD  step 19499 load imb.: force 18.7%  pme mesh/force 1.006
           Step           Time
          19500       39.00000

   Energies (kJ/mol)
           Bond          Angle    Proper Dih. Ryckaert-Bell.          LJ-14
    1.43214e+03    3.81429e+03    3.10118e+02    1.79489e+03    2.73084e+03
     Coulomb-14        LJ (SR)  Disper. corr.   Coulomb (SR)   Coul. recip.
    7.77619e+03    9.31524e+04   -4.58921e+03   -6.47533e+05    3.01427e+03
 Position Rest.      Potential    Kinetic En.   Total Energy  Conserved En.
    4.52851e+02   -5.37645e+05    8.63729e+04   -4.51272e+05   -4.52607e+05
    Temperature Pres. DC (bar) Pressure (bar)   Constr. rmsd
    3.02724e+02   -2.28019e+02    8.14795e+00    2.84450e-06


DD  step 19999 load imb.: force 18.6%  pme mesh/force 1.005
           Step           Time
          20000       40.00000

   Energies (kJ/mol)
           Bond          Angle    Proper Dih. Ryckaert-Bell.          LJ-14
    1.45223e+03    3.68569e+03    2.64578e+02    1.86091e+03    2.65272e+03
     Coulomb-14        LJ (SR)  Disper. corr.   Coulomb (SR)   Coul. recip.
    7.76557e+03    9.37586e+04   -4.58275e+03   -6.49199e+05    3.10429e+03
 Position Rest.      Potential    Kinetic En.   Total Energy  Conserved En.
    4.51675e+02   -5.38785e+05    8.48806e+04   -4.53904e+05   -4.52581e+05
    Temperature Pres. DC (bar) Pressure (bar)   Constr. rmsd
    2.97494e+02   -2.27378e+02   -8.09161e+01    2.69264e-06


DD  step 20499 load imb.: force 18.9%  pme mesh/force 0.976
           Step           Time
          20500       41.00000

   Energies (kJ/mol)
           Bond          Angle    Proper Dih. Ryckaert-Bell.          LJ-14
    1.46885e+03    3.76138e+03    2.52947e+02    1.80308e+03    2.71975e+03
     Coulomb-14        LJ (SR)  Disper. corr.   Coulomb (SR)   Coul. recip.
    7.73585e+03    9.44598e+04   -4.60748e+03   -6.49908e+05    2.98430e+03
 Position Rest.      Potential    Kinetic En.   Total Energy  Conserved En.
    4.62577e+02   -5.38867e+05    8.60771e+04   -4.52790e+05   -4.52605e+05
    Temperature Pres. DC (bar) Pressure (bar)   Constr. rmsd
    3.01687e+02   -2.29836e+02    2.70300e+02    2.75801e-06


DD  step 20999 load imb.: force 18.8%  pme mesh/force 1.003
           Step           Time
          21000       42.00000

   Energies (kJ/mol)
           Bond          Angle    Proper Dih. Ryckaert-Bell.          LJ-14
    1.43250e+03    3.84062e+03    2.13102e+02    1.82431e+03    2.70288e+03
     Coulomb-14        LJ (SR)  Disper. corr.   Coulomb (SR)   Coul. recip.
    7.69758e+03    9.31258e+04   -4.56523e+03   -6.47869e+05    3.03414e+03
 Position Rest.      Potential    Kinetic En.   Total Energy  Conserved En.
    4.35554e+02   -5.38128e+05    8.57671e+04   -4.52361e+05   -4.52591e+05
    Temperature Pres. DC (bar) Pressure (bar)   Constr. rmsd
    3.00601e+02   -2.25645e+02   -1.56502e+02    2.83977e-06


DD  step 21499 load imb.: force 19.1%  pme mesh/force 0.976
           Step           Time
          21500       43.00000

   Energies (kJ/mol)
           Bond          Angle    Proper Dih. Ryckaert-Bell.          LJ-14
    1.48411e+03    3.63126e+03    2.50131e+02    1.85465e+03    2.60323e+03
     Coulomb-14        LJ (SR)  Disper. corr.   Coulomb (SR)   Coul. recip.
    7.65216e+03    9.41296e+04   -4.59379e+03   -6.48908e+05    3.14578e+03
 Position Rest.      Potential    Kinetic En.   Total Energy  Conserved En.
    4.92891e+02   -5.38258e+05    8.52111e+04   -4.53046e+05   -4.52583e+05
    Temperature Pres. DC (bar) Pressure (bar)   Constr. rmsd
    2.98652e+02   -2.28473e+02   -3.83727e+01    3.03395e-06


DD  step 21999 load imb.: force 19.3%  pme mesh/force 0.992
           Step           Time
          22000       44.00000

   Energies (kJ/mol)
           Bond          Angle    Proper Dih. Ryckaert-Bell.          LJ-14
    1.46585e+03    3.81162e+03    2.43362e+02    1.82029e+03    2.57240e+03
     Coulomb-14        LJ (SR)  Disper. corr.   Coulomb (SR)   Coul. recip.
    7.69174e+03    9.38669e+04   -4.57022e+03   -6.48618e+05    2.95858e+03
 Position Rest.      Potential    Kinetic En.   Total Energy  Conserved En.
    4.61025e+02   -5.38296e+05    8.53897e+04   -4.52907e+05   -4.52600e+05
    Temperature Pres. DC (bar) Pressure (bar)   Constr. rmsd
    2.99278e+02   -2.26138e+02   -3.16419e+02    3.29866e-06


DD  step 22499 load imb.: force 19.1%  pme mesh/force 0.985
           Step           Time
          22500       45.00000

   Energies (kJ/mol)
           Bond          Angle    Proper Dih. Ryckaert-Bell.          LJ-14
    1.37029e+03    3.79821e+03    2.65149e+02    1.80627e+03    2.67600e+03
     Coulomb-14        LJ (SR)  Disper. corr.   Coulomb (SR)   Coul. recip.
    7.70243e+03    9.41990e+04   -4.58634e+03   -6.48840e+05    3.00983e+03
 Position Rest.      Potential    Kinetic En.   Total Energy  Conserved En.
    4.78562e+02   -5.38120e+05    8.62577e+04   -4.51863e+05   -4.52616e+05
    Temperature Pres. DC (bar) Pressure (bar)   Constr. rmsd
    3.02320e+02   -2.27734e+02    1.25313e+02    2.93192e-06


DD  step 22999 load imb.: force 18.3%  pme mesh/force 1.012
           Step           Time
          23000       46.00000

   Energies (kJ/mol)
           Bond          Angle    Proper Dih. Ryckaert-Bell.          LJ-14
    1.39979e+03    3.73206e+03    2.57223e+02    1.81028e+03    2.69937e+03
     Coulomb-14        LJ (SR)  Disper. corr.   Coulomb (SR)   Coul. recip.
    7.80324e+03    9.56570e+04   -4.56677e+03   -6.51377e+05    2.97011e+03
 Position Rest.      Potential    Kinetic En.   Total Energy  Conserved En.
    4.70757e+02   -5.39144e+05    8.57792e+04   -4.53365e+05   -4.52616e+05
    Temperature Pres. DC (bar) Pressure (bar)   Constr. rmsd
    3.00643e+02   -2.25797e+02    1.68532e+02    3.01876e-06


DD  step 23499 load imb.: force 18.3%  pme mesh/force 0.998
           Step           Time
          23500       47.00000

   Energies (kJ/mol)
           Bond          Angle    Proper Dih. Ryckaert-Bell.          LJ-14
    1.48472e+03    3.84507e+03    2.21721e+02    1.83789e+03    2.68782e+03
     Coulomb-14        LJ (SR)  Disper. corr.   Coulomb (SR)   Coul. recip.
    7.70128e+03    9.34848e+04   -4.54738e+03   -6.47170e+05    3.17196e+03
 Position Rest.      Potential    Kinetic En.   Total Energy  Conserved En.
    4.93174e+02   -5.36789e+05    8.60885e+04   -4.50700e+05   -4.52621e+05
    Temperature Pres. DC (bar) Pressure (bar)   Constr. rmsd
    3.01727e+02   -2.23885e+02   -3.38957e+00    2.70378e-06


DD  step 23999 load imb.: force 18.7%  pme mesh/force 0.997
           Step           Time
          24000       48.00000

   Energies (kJ/mol)
           Bond          Angle    Proper Dih. Ryckaert-Bell.          LJ-14
    1.40326e+03    3.96360e+03    2.23706e+02    1.78388e+03    2.65146e+03
     Coulomb-14        LJ (SR)  Disper. corr.   Coulomb (SR)   Coul. recip.
    7.72526e+03    9.33992e+04   -4.57726e+03   -6.47874e+05    3.08794e+03
 Position Rest.      Potential    Kinetic En.   Total Energy  Conserved En.
    4.87260e+02   -5.37726e+05    8.59068e+04   -4.51819e+05   -4.52626e+05
    Temperature Pres. DC (bar) Pressure (bar)   Constr. rmsd
    3.01090e+02   -2.26834e+02   -1.11041e+02    2.92548e-06


DD  step 24499 load imb.: force 18.6%  pme mesh/force 1.009
           Step           Time
          24500       49.00000

   Energies (kJ/mol)
           Bond          Angle    Proper Dih. Ryckaert-Bell.          LJ-14
    1.51620e+03    3.81024e+03    2.57859e+02    1.81044e+03    2.72508e+03
     Coulomb-14        LJ (SR)  Disper. corr.   Coulomb (SR)   Coul. recip.
    7.77742e+03    9.32915e+04   -4.58262e+03   -6.46661e+05    3.12999e+03
 Position Rest.      Potential    Kinetic En.   Total Energy  Conserved En.
    4.85035e+02   -5.36440e+05    8.58449e+04   -4.50595e+05   -4.52615e+05
    Temperature Pres. DC (bar) Pressure (bar)   Constr. rmsd
    3.00873e+02   -2.27365e+02    9.68383e+01    3.15487e-06


DD  step 24999 load imb.: force 18.7%  pme mesh/force 1.006
           Step           Time
          25000       50.00000

   Energies (kJ/mol)
           Bond          Angle    Proper Dih. Ryckaert-Bell.          LJ-14
    1.42381e+03    3.71158e+03    1.98444e+02    1.76328e+03    2.67930e+03
     Coulomb-14        LJ (SR)  Disper. corr.   Coulomb (SR)   Coul. recip.
    7.78366e+03    9.41262e+04   -4.59003e+03   -6.48782e+05    3.09506e+03
 Position Rest.      Potential    Kinetic En.   Total Energy  Conserved En.
    4.60663e+02   -5.38130e+05    8.43241e+04   -4.53806e+05   -4.52588e+05
    Temperature Pres. DC (bar) Pressure (bar)   Constr. rmsd
    2.95543e+02   -2.28101e+02    1.80988e+02    2.69013e-06


DD  step 25499 load imb.: force 18.6%  pme mesh/force 0.989
           Step           Time
          25500       51.00000

   Energies (kJ/mol)
           Bond          Angle    Proper Dih. Ryckaert-Bell.          LJ-14
    1.40464e+03    3.61321e+03    2.50704e+02    1.88780e+03    2.65475e+03
     Coulomb-14        LJ (SR)  Disper. corr.   Coulomb (SR)   Coul. recip.
    7.74179e+03    9.33943e+04   -4.56332e+03   -6.47679e+05    3.13642e+03
 Position Rest.      Potential    Kinetic En.   Total Energy  Conserved En.
    4.61528e+02   -5.37697e+05    8.60870e+04   -4.51610e+05   -4.52620e+05
    Temperature Pres. DC (bar) Pressure (bar)   Constr. rmsd
    3.01722e+02   -2.25456e+02   -1.02175e+02    3.09754e-06


DD  step 25999 load imb.: force 18.8%  pme mesh/force 0.989
           Step           Time
          26000       52.00000

   Energies (kJ/mol)
           Bond          Angle    Proper Dih. Ryckaert-Bell.          LJ-14
    1.40178e+03    3.65143e+03    2.57848e+02    1.79531e+03    2.66601e+03
     Coulomb-14        LJ (SR)  Disper. corr.   Coulomb (SR)   Coul. recip.
    7.76646e+03    9.51458e+04   -4.58455e+03   -6.51583e+05    3.00711e+03
 Position Rest.      Potential    Kinetic En.   Total Energy  Conserved En.
    4.56387e+02   -5.40019e+05    8.58849e+04   -4.54134e+05   -4.52632e+05
    Temperature Pres. DC (bar) Pressure (bar)   Constr. rmsd
    3.01013e+02   -2.27556e+02    1.34487e+02    2.76766e-06


DD  step 26499 load imb.: force 18.7%  pme mesh/force 1.003
           Step           Time
          26500       53.00000

   Energies (kJ/mol)
           Bond          Angle    Proper Dih. Ryckaert-Bell.          LJ-14
    1.37760e+03    3.62285e+03    2.34215e+02    1.85015e+03    2.71529e+03
     Coulomb-14        LJ (SR)  Disper. corr.   Coulomb (SR)   Coul. recip.
    7.83357e+03    9.45567e+04   -4.58920e+03   -6.50067e+05    3.04263e+03
 Position Rest.      Potential    Kinetic En.   Total Energy  Conserved En.
    5.08862e+02   -5.38915e+05    8.62689e+04   -4.52646e+05   -4.52646e+05
    Temperature Pres. DC (bar) Pressure (bar)   Constr. rmsd
    3.02359e+02   -2.28018e+02    1.34871e+02    3.05240e-06


DD  step 26999 load imb.: force 18.5%  pme mesh/force 0.996
           Step           Time
          27000       54.00000

   Energies (kJ/mol)
           Bond          Angle    Proper Dih. Ryckaert-Bell.          LJ-14
    1.40037e+03    3.69185e+03    2.84239e+02    1.83341e+03    2.69143e+03
     Coulomb-14        LJ (SR)  Disper. corr.   Coulomb (SR)   Coul. recip.
    7.80454e+03    9.44967e+04   -4.57416e+03   -6.49871e+05    2.98339e+03
 Position Rest.      Potential    Kinetic En.   Total Energy  Conserved En.
    4.54114e+02   -5.38805e+05    8.54691e+04   -4.53336e+05   -4.52632e+05
    Temperature Pres. DC (bar) Pressure (bar)   Constr. rmsd
    2.99556e+02   -2.26527e+02    8.35712e+00    2.82741e-06


DD  step 27499 load imb.: force 19.0%  pme mesh/force 0.980
           Step           Time
          27500       55.00000

   Energies (kJ/mol)
           Bond          Angle    Proper Dih. Ryckaert-Bell.          LJ-14
    1.35304e+03    3.73578e+03    2.52752e+02    1.79951e+03    2.62534e+03
     Coulomb-14        LJ (SR)  Disper. corr.   Coulomb (SR)   Coul. recip.
    7.74159e+03    9.45250e+04   -4.56547e+03   -6.50690e+05    3.01727e+03
 Position Rest.      Potential    Kinetic En.   Total Energy  Conserved En.
    4.63182e+02   -5.39742e+05    8.50228e+04   -4.54719e+05   -4.52640e+05
    Temperature Pres. DC (bar) Pressure (bar)   Constr. rmsd
    2.97992e+02   -2.25669e+02   -1.66448e+02    3.11063e-06


DD  step 27999 load imb.: force 18.5%  pme mesh/force 1.006
           Step           Time
          28000       56.00000

   Energies (kJ/mol)
           Bond          Angle    Proper Dih. Ryckaert-Bell.          LJ-14
    1.38794e+03    3.72516e+03    2.71307e+02    1.79518e+03    2.68352e+03
     Coulomb-14        LJ (SR)  Disper. corr.   Coulomb (SR)   Coul. recip.
    7.69813e+03    9.43982e+04   -4.57647e+03   -6.50362e+05    3.05688e+03
 Position Rest.      Potential    Kinetic En.   Total Energy  Conserved En.
    4.85056e+02   -5.39437e+05    8.51740e+04   -4.54263e+05   -4.52617e+05
    Temperature Pres. DC (bar) Pressure (bar)   Constr. rmsd
    2.98522e+02   -2.26756e+02    6.95511e+01    2.30836e-06


DD  step 28499 load imb.: force 18.7%  pme mesh/force 1.001
           Step           Time
          28500       57.00000

   Energies (kJ/mol)
           Bond          Angle    Proper Dih. Ryckaert-Bell.          LJ-14
    1.54157e+03    3.70121e+03    2.76450e+02    1.89150e+03    2.66691e+03
     Coulomb-14        LJ (SR)  Disper. corr.   Coulomb (SR)   Coul. recip.
    7.67482e+03    9.37922e+04   -4.58182e+03   -6.49284e+05    2.97147e+03
 Position Rest.      Potential    Kinetic En.   Total Energy  Conserved En.
    4.22990e+02   -5.38927e+05    8.59223e+04   -4.53005e+05   -4.52618e+05
    Temperature Pres. DC (bar) Pressure (bar)   Constr. rmsd
    3.01145e+02   -2.27286e+02   -2.03944e+02    2.70136e-06


DD  step 28999 load imb.: force 18.8%  pme mesh/force 0.999
           Step           Time
          29000       58.00000

   Energies (kJ/mol)
           Bond          Angle    Proper Dih. Ryckaert-Bell.          LJ-14
    1.45560e+03    3.64670e+03    2.47083e+02    1.81646e+03    2.71922e+03
     Coulomb-14        LJ (SR)  Disper. corr.   Coulomb (SR)   Coul. recip.
    7.72824e+03    9.42544e+04   -4.59239e+03   -6.50180e+05    3.07295e+03
 Position Rest.      Potential    Kinetic En.   Total Energy  Conserved En.
    4.50175e+02   -5.39382e+05    8.50726e+04   -4.54309e+05   -4.52626e+05
    Temperature Pres. DC (bar) Pressure (bar)   Constr. rmsd
    2.98166e+02   -2.28334e+02   -1.04257e+01    3.07934e-06


DD  step 29499 load imb.: force 18.9%  pme mesh/force 1.001
           Step           Time
          29500       59.00000

   Energies (kJ/mol)
           Bond          Angle    Proper Dih. Ryckaert-Bell.          LJ-14
    1.47658e+03    3.80204e+03    2.64388e+02    1.82673e+03    2.69964e+03
     Coulomb-14        LJ (SR)  Disper. corr.   Coulomb (SR)   Coul. recip.
    7.72840e+03    9.40099e+04   -4.58223e+03   -6.49873e+05    3.06584e+03
 Position Rest.      Potential    Kinetic En.   Total Energy  Conserved En.
    4.44957e+02   -5.39137e+05    8.47282e+04   -4.54408e+05   -4.52629e+05
    Temperature Pres. DC (bar) Pressure (bar)   Constr. rmsd
    2.96960e+02   -2.27326e+02   -7.97003e+01    2.56287e-06


DD  step 29999 load imb.: force 18.5%  pme mesh/force 0.999
           Step           Time
          30000       60.00000

   Energies (kJ/mol)
           Bond          Angle    Proper Dih. Ryckaert-Bell.          LJ-14
    1.40936e+03    3.81943e+03    2.61266e+02    1.84569e+03    2.73874e+03
     Coulomb-14        LJ (SR)  Disper. corr.   Coulomb (SR)   Coul. recip.
    7.77846e+03    9.48501e+04   -4.58599e+03   -6.50831e+05    3.07445e+03
 Position Rest.      Potential    Kinetic En.   Total Energy  Conserved En.
    4.53405e+02   -5.39186e+05    8.59742e+04   -4.53212e+05   -4.52652e+05
    Temperature Pres. DC (bar) Pressure (bar)   Constr. rmsd
    3.01327e+02   -2.27699e+02    1.43900e+02    2.72067e-06


DD  step 30499 load imb.: force 18.9%  pme mesh/force 0.989
           Step           Time
          30500       61.00000

   Energies (kJ/mol)
           Bond          Angle    Proper Dih. Ryckaert-Bell.          LJ-14
    1.41713e+03    3.66128e+03    2.53248e+02    1.81945e+03    2.72580e+03
     Coulomb-14        LJ (SR)  Disper. corr.   Coulomb (SR)   Coul. recip.
    7.82582e+03    9.48047e+04   -4.57995e+03   -6.50184e+05    3.00681e+03
 Position Rest.      Potential    Kinetic En.   Total Energy  Conserved En.
    4.72290e+02   -5.38777e+05    8.47670e+04   -4.54010e+05   -4.52647e+05
    Temperature Pres. DC (bar) Pressure (bar)   Constr. rmsd
    2.97096e+02   -2.27100e+02    1.79434e+02    2.77220e-06


DD  step 30999 load imb.: force 18.8%  pme mesh/force 1.009
           Step           Time
          31000       62.00000

   Energies (kJ/mol)
           Bond          Angle    Proper Dih. Ryckaert-Bell.          LJ-14
    1.39458e+03    3.88873e+03    2.52449e+02    1.78858e+03    2.71387e+03
     Coulomb-14        LJ (SR)  Disper. corr.   Coulomb (SR)   Coul. recip.
    7.81746e+03    9.56665e+04   -4.59563e+03   -6.51606e+05    3.08758e+03
 Position Rest.      Potential    Kinetic En.   Total Energy  Conserved En.
    4.38149e+02   -5.39154e+05    8.53389e+04   -4.53815e+05   -4.52640e+05
    Temperature Pres. DC (bar) Pressure (bar)   Constr. rmsd
    2.99100e+02   -2.28656e+02    3.48143e+02    3.10401e-06


DD  step 31499 load imb.: force 18.7%  pme mesh/force 0.993
           Step           Time
          31500       63.00000

   Energies (kJ/mol)
           Bond          Angle    Proper Dih. Ryckaert-Bell.          LJ-14
    1.51701e+03    3.87538e+03    2.23307e+02    1.77830e+03    2.71385e+03
     Coulomb-14        LJ (SR)  Disper. corr.   Coulomb (SR)   Coul. recip.
    7.81357e+03    9.32515e+04   -4.58348e+03   -6.48225e+05    3.01331e+03
 Position Rest.      Potential    Kinetic En.   Total Energy  Conserved En.
    4.93800e+02   -5.38128e+05    8.61886e+04   -4.51940e+05   -4.52639e+05
    Temperature Pres. DC (bar) Pressure (bar)   Constr. rmsd
    3.02078e+02   -2.27450e+02   -6.62293e+01    2.90509e-06


DD  step 31999 load imb.: force 18.7%  pme mesh/force 0.993
           Step           Time
          32000       64.00000

   Energies (kJ/mol)
           Bond          Angle    Proper Dih. Ryckaert-Bell.          LJ-14
    1.45963e+03    3.83102e+03    2.44174e+02    1.81930e+03    2.57371e+03
     Coulomb-14        LJ (SR)  Disper. corr.   Coulomb (SR)   Coul. recip.
    7.64536e+03    9.36720e+04   -4.58238e+03   -6.49130e+05    3.01831e+03
 Position Rest.      Potential    Kinetic En.   Total Energy  Conserved En.
    5.09465e+02   -5.38939e+05    8.56341e+04   -4.53305e+05   -4.52659e+05
    Temperature Pres. DC (bar) Pressure (bar)   Constr. rmsd
    3.00134e+02   -2.27342e+02   -1.50220e+02    2.76576e-06


DD  step 32499 load imb.: force 19.0%  pme mesh/force 0.987
           Step           Time
          32500       65.00000

   Energies (kJ/mol)
           Bond          Angle    Proper Dih. Ryckaert-Bell.          LJ-14
    1.45581e+03    3.71789e+03    2.33371e+02    1.81836e+03    2.63699e+03
     Coulomb-14        LJ (SR)  Disper. corr.   Coulomb (SR)   Coul. recip.
    7.75410e+03    9.29278e+04   -4.57874e+03   -6.47092e+05    3.04118e+03
 Position Rest.      Potential    Kinetic En.   Total Energy  Conserved En.
    4.62265e+02   -5.37623e+05    8.55098e+04   -4.52113e+05   -4.52664e+05
    Temperature Pres. DC (bar) Pressure (bar)   Constr. rmsd
    2.99699e+02   -2.26981e+02   -2.24526e+02    3.09472e-06


DD  step 32999 load imb.: force 18.7%  pme mesh/force 1.008
           Step           Time
          33000       66.00000

   Energies (kJ/mol)
           Bond          Angle    Proper Dih. Ryckaert-Bell.          LJ-14
    1.43844e+03    3.56560e+03    2.27538e+02    1.83348e+03    2.72825e+03
     Coulomb-14        LJ (SR)  Disper. corr.   Coulomb (SR)   Coul. recip.
    7.79130e+03    9.35132e+04   -4.56410e+03   -6.49205e+05    3.06732e+03
 Position Rest.      Potential    Kinetic En.   Total Energy  Conserved En.
    4.71732e+02   -5.39132e+05    8.55888e+04   -4.53543e+05   -4.52672e+05
    Temperature Pres. DC (bar) Pressure (bar)   Constr. rmsd
    2.99976e+02   -2.25533e+02   -1.86458e+02    2.84652e-06


DD  step 33499 load imb.: force 18.8%  pme mesh/force 0.997
           Step           Time
          33500       67.00000

   Energies (kJ/mol)
           Bond          Angle    Proper Dih. Ryckaert-Bell.          LJ-14
    1.46073e+03    3.95061e+03    2.93924e+02    1.83305e+03    2.60635e+03
     Coulomb-14        LJ (SR)  Disper. corr.   Coulomb (SR)   Coul. recip.
    7.71755e+03    9.32062e+04   -4.57915e+03   -6.47070e+05    3.02618e+03
 Position Rest.      Potential    Kinetic En.   Total Energy  Conserved En.
    5.37057e+02   -5.37017e+05    8.55741e+04   -4.51443e+05   -4.52662e+05
    Temperature Pres. DC (bar) Pressure (bar)   Constr. rmsd
    2.99924e+02   -2.27022e+02   -1.98054e+02    3.34755e-06


DD  step 33999 load imb.: force 19.1%  pme mesh/force 0.990
           Step           Time
          34000       68.00000

   Energies (kJ/mol)
           Bond          Angle    Proper Dih. Ryckaert-Bell.          LJ-14
    1.58615e+03    3.75711e+03    2.62286e+02    1.81589e+03    2.57919e+03
     Coulomb-14        LJ (SR)  Disper. corr.   Coulomb (SR)   Coul. recip.
    7.69936e+03    9.44162e+04   -4.56059e+03   -6.48087e+05    3.09443e+03
 Position Rest.      Potential    Kinetic En.   Total Energy  Conserved En.
    4.84707e+02   -5.36953e+05    8.54425e+04   -4.51510e+05   -4.52668e+05
    Temperature Pres. DC (bar) Pressure (bar)   Constr. rmsd
    2.99463e+02   -2.25187e+02   -5.82601e+01    2.96406e-06


DD  step 34499 load imb.: force 18.9%  pme mesh/force 0.971
           Step           Time
          34500       69.00000

   Energies (kJ/mol)
           Bond          Angle    Proper Dih. Ryckaert-Bell.          LJ-14
    1.44967e+03    3.65944e+03    2.22646e+02    1.83615e+03    2.61534e+03
     Coulomb-14        LJ (SR)  Disper. corr.   Coulomb (SR)   Coul. recip.
    7.72752e+03    9.47413e+04   -4.57596e+03   -6.49494e+05    3.07788e+03
 Position Rest.      Potential    Kinetic En.   Total Energy  Conserved En.
    4.85561e+02   -5.38254e+05    8.56887e+04   -4.52566e+05   -4.52669e+05
    Temperature Pres. DC (bar) Pressure (bar)   Constr. rmsd
    3.00326e+02   -2.26706e+02    4.43940e+01    3.02369e-06


DD  step 34999 load imb.: force 18.5%  pme mesh/force 0.991
           Step           Time
          35000       70.00000

   Energies (kJ/mol)
           Bond          Angle    Proper Dih. Ryckaert-Bell.          LJ-14
    1.45980e+03    3.58965e+03    2.31746e+02    1.65213e+03    2.64798e+03
     Coulomb-14        LJ (SR)  Disper. corr.   Coulomb (SR)   Coul. recip.
    7.70088e+03    9.51074e+04   -4.59358e+03   -6.50671e+05    3.06120e+03
 Position Rest.      Potential    Kinetic En.   Total Energy  Conserved En.
    4.43763e+02   -5.39370e+05    8.50914e+04   -4.54278e+05   -4.52658e+05
    Temperature Pres. DC (bar) Pressure (bar)   Constr. rmsd
    2.98232e+02   -2.28452e+02    6.52083e+01    2.72965e-06


DD  step 35499 load imb.: force 18.5%  pme mesh/force 0.990
           Step           Time
          35500       71.00000

   Energies (kJ/mol)
           Bond          Angle    Proper Dih. Ryckaert-Bell.          LJ-14
    1.48536e+03    3.67490e+03    2.68723e+02    1.86765e+03    2.70384e+03
     Coulomb-14        LJ (SR)  Disper. corr.   Coulomb (SR)   Coul. recip.
    7.68439e+03    9.50530e+04   -4.58072e+03   -6.50604e+05    3.04306e+03
 Position Rest.      Potential    Kinetic En.   Total Energy  Conserved En.
    4.70629e+02   -5.38934e+05    8.57179e+04   -4.53216e+05   -4.52659e+05
    Temperature Pres. DC (bar) Pressure (bar)   Constr. rmsd
    3.00428e+02   -2.27177e+02    1.87771e+02    2.90698e-06


DD  step 35999 load imb.: force 18.9%  pme mesh/force 0.998
           Step           Time
          36000       72.00000

   Energies (kJ/mol)
           Bond          Angle    Proper Dih. Ryckaert-Bell.          LJ-14
    1.43717e+03    3.73297e+03    2.31098e+02    1.79535e+03    2.72610e+03
     Coulomb-14        LJ (SR)  Disper. corr.   Coulomb (SR)   Coul. recip.
    7.78977e+03    9.28508e+04   -4.56846e+03   -6.48486e+05    3.08669e+03
 Position Rest.      Potential    Kinetic En.   Total Energy  Conserved En.
    4.81006e+02   -5.38923e+05    8.54584e+04   -4.53465e+05   -4.52651e+05
    Temperature Pres. DC (bar) Pressure (bar)   Constr. rmsd
    2.99519e+02   -2.25964e+02   -2.09403e+02    2.94289e-06


DD  step 36499 load imb.: force 18.7%  pme mesh/force 1.015
           Step           Time
          36500       73.00000

   Energies (kJ/mol)
           Bond          Angle    Proper Dih. Ryckaert-Bell.          LJ-14
    1.55948e+03    3.72500e+03    2.59230e+02    1.78408e+03    2.66082e+03
     Coulomb-14        LJ (SR)  Disper. corr.   Coulomb (SR)   Coul. recip.
    7.77781e+03    9.43050e+04   -4.58404e+03   -6.49282e+05    3.05756e+03
 Position Rest.      Potential    Kinetic En.   Total Energy  Conserved En.
    4.57499e+02   -5.38279e+05    8.54799e+04   -4.52799e+05   -4.52649e+05
    Temperature Pres. DC (bar) Pressure (bar)   Constr. rmsd
    2.99594e+02   -2.27506e+02   -7.20346e+01    3.07778e-06


DD  step 36999 load imb.: force 18.6%  pme mesh/force 0.992
           Step           Time
          37000       74.00000

   Energies (kJ/mol)
           Bond          Angle    Proper Dih. Ryckaert-Bell.          LJ-14
    1.45959e+03    3.82858e+03    2.79832e+02    1.88065e+03    2.69282e+03
     Coulomb-14        LJ (SR)  Disper. corr.   Coulomb (SR)   Coul. recip.
    7.74839e+03    9.40112e+04   -4.56565e+03   -6.47919e+05    2.99832e+03
 Position Rest.      Potential    Kinetic En.   Total Energy  Conserved En.
    5.03804e+02   -5.37082e+05    8.49693e+04   -4.52112e+05   -4.52654e+05
    Temperature Pres. DC (bar) Pressure (bar)   Constr. rmsd
    2.97805e+02   -2.25686e+02    1.13095e+02    2.60600e-06


DD  step 37499 load imb.: force 18.6%  pme mesh/force 1.002
           Step           Time
          37500       75.00000

   Energies (kJ/mol)
           Bond          Angle    Proper Dih. Ryckaert-Bell.          LJ-14
    1.35223e+03    3.69939e+03    2.39848e+02    1.90053e+03    2.73844e+03
     Coulomb-14        LJ (SR)  Disper. corr.   Coulomb (SR)   Coul. recip.
    7.80825e+03    9.43310e+04   -4.59362e+03   -6.49137e+05    3.02590e+03
 Position Rest.      Potential    Kinetic En.   Total Energy  Conserved En.
    4.84781e+02   -5.38150e+05    8.59131e+04   -4.52237e+05   -4.52671e+05
    Temperature Pres. DC (bar) Pressure (bar)   Constr. rmsd
    3.01112e+02   -2.28457e+02    3.05300e+02    2.51767e-06


DD  step 37999 load imb.: force 18.8%  pme mesh/force 0.978
           Step           Time
          38000       76.00000

   Energies (kJ/mol)
           Bond          Angle    Proper Dih. Ryckaert-Bell.          LJ-14
    1.36307e+03    3.68467e+03    2.44650e+02    1.75182e+03    2.69581e+03
     Coulomb-14        LJ (SR)  Disper. corr.   Coulomb (SR)   Coul. recip.
    7.72127e+03    9.32289e+04   -4.57396e+03   -6.48080e+05    3.11722e+03
 Position Rest.      Potential    Kinetic En.   Total Energy  Conserved En.
    4.68124e+02   -5.38378e+05    8.46701e+04   -4.53708e+05   -4.52659e+05
    Temperature Pres. DC (bar) Pressure (bar)   Constr. rmsd
    2.96756e+02   -2.26507e+02   -1.11502e+02    2.84663e-06


DD  step 38499 load imb.: force 18.6%  pme mesh/force 1.000
           Step           Time
          38500       77.00000

   Energies (kJ/mol)
           Bond          Angle    Proper Dih. Ryckaert-Bell.          LJ-14
    1.33417e+03    3.61565e+03    2.27159e+02    1.79639e+03    2.70393e+03
     Coulomb-14        LJ (SR)  Disper. corr.   Coulomb (SR)   Coul. recip.
    7.76512e+03    9.42373e+04   -4.57792e+03   -6.50030e+05    2.93307e+03
 Position Rest.      Potential    Kinetic En.   Total Energy  Conserved En.
    4.80772e+02   -5.39514e+05    8.52027e+04   -4.54311e+05   -4.52677e+05
    Temperature Pres. DC (bar) Pressure (bar)   Constr. rmsd
    2.98622e+02   -2.26899e+02    1.04750e+02    2.82861e-06


DD  step 38999 load imb.: force 19.0%  pme mesh/force 0.982
           Step           Time
          39000       78.00000

   Energies (kJ/mol)
           Bond          Angle    Proper Dih. Ryckaert-Bell.          LJ-14
    1.38469e+03    3.73946e+03    2.44685e+02    1.84905e+03    2.70544e+03
     Coulomb-14        LJ (SR)  Disper. corr.   Coulomb (SR)   Coul. recip.
    7.69929e+03    9.59504e+04   -4.57355e+03   -6.50750e+05    3.10252e+03
 Position Rest.      Potential    Kinetic En.   Total Energy  Conserved En.
    4.75913e+02   -5.38172e+05    8.49842e+04   -4.53188e+05   -4.52659e+05
    Temperature Pres. DC (bar) Pressure (bar)   Constr. rmsd
    2.97857e+02   -2.26467e+02    2.40415e+02    2.86030e-06


DD  step 39499 load imb.: force 18.6%  pme mesh/force 1.009
           Step           Time
          39500       79.00000

   Energies (kJ/mol)
           Bond          Angle    Proper Dih. Ryckaert-Bell.          LJ-14
    1.39039e+03    3.63728e+03    2.49903e+02    1.83479e+03    2.61876e+03
     Coulomb-14        LJ (SR)  Disper. corr.   Coulomb (SR)   Coul. recip.
    7.69155e+03    9.31352e+04   -4.57462e+03   -6.48158e+05    3.02783e+03
 Position Rest.      Potential    Kinetic En.   Total Energy  Conserved En.
    4.88586e+02   -5.38659e+05    8.54158e+04   -4.53243e+05   -4.52689e+05
    Temperature Pres. DC (bar) Pressure (bar)   Constr. rmsd
    2.99369e+02   -2.26573e+02   -1.75484e+02    2.67620e-06


DD  step 39999 load imb.: force 18.3%  pme mesh/force 1.000
           Step           Time
          40000       80.00000

   Energies (kJ/mol)
           Bond          Angle    Proper Dih. Ryckaert-Bell.          LJ-14
    1.39536e+03    3.65850e+03    2.53513e+02    1.76439e+03    2.65190e+03
     Coulomb-14        LJ (SR)  Disper. corr.   Coulomb (SR)   Coul. recip.
    7.78334e+03    9.44089e+04   -4.57482e+03   -6.50218e+05    3.05061e+03
 Position Rest.      Potential    Kinetic En.   Total Energy  Conserved En.
    4.40637e+02   -5.39385e+05    8.51655e+04   -4.54220e+05   -4.52664e+05
    Temperature Pres. DC (bar) Pressure (bar)   Constr. rmsd
    2.98492e+02   -2.26593e+02   -6.74466e+01    2.69279e-06


DD  step 40499 load imb.: force 18.9%  pme mesh/force 0.997
           Step           Time
          40500       81.00000

   Energies (kJ/mol)
           Bond          Angle    Proper Dih. Ryckaert-Bell.          LJ-14
    1.43736e+03    3.61354e+03    2.42991e+02    1.89193e+03    2.74634e+03
     Coulomb-14        LJ (SR)  Disper. corr.   Coulomb (SR)   Coul. recip.
    7.70521e+03    9.51940e+04   -4.57673e+03   -6.51591e+05    3.07340e+03
 Position Rest.      Potential    Kinetic En.   Total Energy  Conserved En.
    4.57213e+02   -5.39806e+05    8.48577e+04   -4.54948e+05   -4.52652e+05
    Temperature Pres. DC (bar) Pressure (bar)   Constr. rmsd
    2.97413e+02   -2.26781e+02    2.51341e+02    2.99882e-06


DD  step 40999 load imb.: force 19.2%  pme mesh/force 0.991
           Step           Time
          41000       82.00000

   Energies (kJ/mol)
           Bond          Angle    Proper Dih. Ryckaert-Bell.          LJ-14
    1.42047e+03    3.68619e+03    2.33782e+02    1.77465e+03    2.69944e+03
     Coulomb-14        LJ (SR)  Disper. corr.   Coulomb (SR)   Coul. recip.
    7.76829e+03    9.33758e+04   -4.58119e+03   -6.48393e+05    2.94798e+03
 Position Rest.      Potential    Kinetic En.   Total Energy  Conserved En.
    4.50104e+02   -5.38618e+05    8.63163e+04   -4.52301e+05   -4.52689e+05
    Temperature Pres. DC (bar) Pressure (bar)   Constr. rmsd
    3.02526e+02   -2.27224e+02   -6.85668e+01    2.78756e-06


DD  step 41499 load imb.: force 19.1%  pme mesh/force 0.986
           Step           Time
          41500       83.00000

   Energies (kJ/mol)
           Bond          Angle    Proper Dih. Ryckaert-Bell.          LJ-14
    1.43305e+03    3.60621e+03    2.68084e+02    1.84578e+03    2.63695e+03
     Coulomb-14        LJ (SR)  Disper. corr.   Coulomb (SR)   Coul. recip.
    7.78611e+03    9.37236e+04   -4.58678e+03   -6.48702e+05    3.06936e+03
 Position Rest.      Potential    Kinetic En.   Total Energy  Conserved En.
    4.66868e+02   -5.38453e+05    8.46152e+04   -4.53838e+05   -4.52680e+05
    Temperature Pres. DC (bar) Pressure (bar)   Constr. rmsd
    2.96563e+02   -2.27778e+02   -1.40093e+02    2.86752e-06


DD  step 41999 load imb.: force 18.6%  pme mesh/force 1.001
           Step           Time
          42000       84.00000

   Energies (kJ/mol)
           Bond          Angle    Proper Dih. Ryckaert-Bell.          LJ-14
    1.49829e+03    3.70883e+03    2.77675e+02    1.91075e+03    2.67457e+03
     Coulomb-14        LJ (SR)  Disper. corr.   Coulomb (SR)   Coul. recip.
    7.72075e+03    9.30121e+04   -4.57841e+03   -6.47816e+05    3.04521e+03
 Position Rest.      Potential    Kinetic En.   Total Energy  Conserved En.
    4.76199e+02   -5.38070e+05    8.53087e+04   -4.52762e+05   -4.52684e+05
    Temperature Pres. DC (bar) Pressure (bar)   Constr. rmsd
    2.98994e+02   -2.26948e+02   -5.64627e+01    2.80969e-06


DD  step 42499 load imb.: force 18.5%  pme mesh/force 1.002
           Step           Time
          42500       85.00000

   Energies (kJ/mol)
           Bond          Angle    Proper Dih. Ryckaert-Bell.          LJ-14
    1.44645e+03    3.84472e+03    2.52092e+02    1.88965e+03    2.65489e+03
     Coulomb-14        LJ (SR)  Disper. corr.   Coulomb (SR)   Coul. recip.
    7.69488e+03    9.46350e+04   -4.58025e+03   -6.49687e+05    3.01061e+03
 Position Rest.      Potential    Kinetic En.   Total Energy  Conserved En.
    4.63824e+02   -5.38375e+05    8.60486e+04   -4.52327e+05   -4.52678e+05
    Temperature Pres. DC (bar) Pressure (bar)   Constr. rmsd
    3.01587e+02   -2.27130e+02    1.67271e+02    2.77794e-06


DD  step 42999 load imb.: force 18.5%  pme mesh/force 0.986
           Step           Time
          43000       86.00000

   Energies (kJ/mol)
           Bond          Angle    Proper Dih. Ryckaert-Bell.          LJ-14
    1.44380e+03    3.87200e+03    2.44730e+02    1.87064e+03    2.53502e+03
     Coulomb-14        LJ (SR)  Disper. corr.   Coulomb (SR)   Coul. recip.
    7.69583e+03    9.42588e+04   -4.57090e+03   -6.50015e+05    3.11232e+03
 Position Rest.      Potential    Kinetic En.   Total Energy  Conserved En.
    4.70753e+02   -5.39082e+05    8.57619e+04   -4.53320e+05   -4.52681e+05
    Temperature Pres. DC (bar) Pressure (bar)   Constr. rmsd
    3.00582e+02   -2.26205e+02   -2.14330e+02    2.96334e-06


DD  step 43499 load imb.: force 18.4%  pme mesh/force 0.998
           Step           Time
          43500       87.00000

   Energies (kJ/mol)
           Bond          Angle    Proper Dih. Ryckaert-Bell.          LJ-14
    1.42399e+03    3.73400e+03    2.44225e+02    1.77203e+03    2.63397e+03
     Coulomb-14        LJ (SR)  Disper. corr.   Coulomb (SR)   Coul. recip.
    7.69276e+03    9.53043e+04   -4.55874e+03   -6.51222e+05    3.05033e+03
 Position Rest.      Potential    Kinetic En.   Total Energy  Conserved En.
    4.81039e+02   -5.39444e+05    8.52812e+04   -4.54163e+05   -4.52679e+05
    Temperature Pres. DC (bar) Pressure (bar)   Constr. rmsd
    2.98898e+02   -2.25004e+02    1.26020e+02    2.73035e-06


DD  step 43999 load imb.: force 18.5%  pme mesh/force 1.011
           Step           Time
          44000       88.00000

   Energies (kJ/mol)
           Bond          Angle    Proper Dih. Ryckaert-Bell.          LJ-14
    1.36364e+03    3.85885e+03    2.60149e+02    1.90206e+03    2.65294e+03
     Coulomb-14        LJ (SR)  Disper. corr.   Coulomb (SR)   Coul. recip.
    7.76631e+03    9.48465e+04   -4.57215e+03   -6.49698e+05    3.05766e+03
 Position Rest.      Potential    Kinetic En.   Total Energy  Conserved En.
    4.07745e+02   -5.38154e+05    8.63503e+04   -4.51804e+05   -4.52685e+05
    Temperature Pres. DC (bar) Pressure (bar)   Constr. rmsd
    3.02645e+02   -2.26329e+02    1.24151e+02    3.16407e-06


DD  step 44499 load imb.: force 18.4%  pme mesh/force 0.999
           Step           Time
          44500       89.00000

   Energies (kJ/mol)
           Bond          Angle    Proper Dih. Ryckaert-Bell.          LJ-14
    1.54444e+03    3.46569e+03    2.34561e+02    1.86347e+03    2.65401e+03
     Coulomb-14        LJ (SR)  Disper. corr.   Coulomb (SR)   Coul. recip.
    7.77508e+03    9.40530e+04   -4.59601e+03   -6.50090e+05    2.97719e+03
 Position Rest.      Potential    Kinetic En.   Total Energy  Conserved En.
    4.60966e+02   -5.39657e+05    8.54354e+04   -4.54222e+05   -4.52689e+05
    Temperature Pres. DC (bar) Pressure (bar)   Constr. rmsd
    2.99438e+02   -2.28694e+02   -1.44241e+02    2.73759e-06


DD  step 44999 load imb.: force 18.8%  pme mesh/force 0.997
           Step           Time
          45000       90.00000

   Energies (kJ/mol)
           Bond          Angle    Proper Dih. Ryckaert-Bell.          LJ-14
    1.46443e+03    3.79580e+03    2.50317e+02    1.80108e+03    2.68479e+03
     Coulomb-14        LJ (SR)  Disper. corr.   Coulomb (SR)   Coul. recip.
    7.81568e+03    9.38484e+04   -4.57339e+03   -6.48762e+05    3.06761e+03
 Position Rest.      Potential    Kinetic En.   Total Energy  Conserved En.
    4.62486e+02   -5.38144e+05    8.63884e+04   -4.51756e+05   -4.52702e+05
    Temperature Pres. DC (bar) Pressure (bar)   Constr. rmsd
    3.02778e+02   -2.26451e+02    6.90288e+00    3.22724e-06


DD  step 45499 load imb.: force 18.7%  pme mesh/force 0.993
           Step           Time
          45500       91.00000

   Energies (kJ/mol)
           Bond          Angle    Proper Dih. Ryckaert-Bell.          LJ-14
    1.45919e+03    3.85383e+03    2.83634e+02    1.82240e+03    2.74828e+03
     Coulomb-14        LJ (SR)  Disper. corr.   Coulomb (SR)   Coul. recip.
    7.81167e+03    9.59432e+04   -4.59900e+03   -6.51025e+05    3.01210e+03
 Position Rest.      Potential    Kinetic En.   Total Energy  Conserved En.
    5.13696e+02   -5.38176e+05    8.62101e+04   -4.51966e+05   -4.52680e+05
    Temperature Pres. DC (bar) Pressure (bar)   Constr. rmsd
    3.02153e+02   -2.28992e+02    4.43148e+02    2.76116e-06


DD  step 45999 load imb.: force 18.6%  pme mesh/force 0.992
           Step           Time
          46000       92.00000

   Energies (kJ/mol)
           Bond          Angle    Proper Dih. Ryckaert-Bell.          LJ-14
    1.54880e+03    3.81214e+03    2.86174e+02    1.86877e+03    2.69218e+03
     Coulomb-14        LJ (SR)  Disper. corr.   Coulomb (SR)   Coul. recip.
    7.84888e+03    9.55883e+04   -4.59185e+03   -6.50646e+05    2.99713e+03
 Position Rest.      Potential    Kinetic En.   Total Energy  Conserved En.
    4.89220e+02   -5.38106e+05    8.57637e+04   -4.52342e+05   -4.52678e+05
    Temperature Pres. DC (bar) Pressure (bar)   Constr. rmsd
    3.00589e+02   -2.28281e+02    2.85677e+02    2.67840e-06


DD  step 46499 load imb.: force 18.9%  pme mesh/force 1.006
           Step           Time
          46500       93.00000

   Energies (kJ/mol)
           Bond          Angle    Proper Dih. Ryckaert-Bell.          LJ-14
    1.42715e+03    3.61060e+03    2.62819e+02    1.87987e+03    2.68317e+03
     Coulomb-14        LJ (SR)  Disper. corr.   Coulomb (SR)   Coul. recip.
    7.76682e+03    9.50387e+04   -4.57814e+03   -6.51204e+05    2.95174e+03
 Position Rest.      Potential    Kinetic En.   Total Energy  Conserved En.
    4.45447e+02   -5.39716e+05    8.55231e+04   -4.54192e+05   -4.52709e+05
    Temperature Pres. DC (bar) Pressure (bar)   Constr. rmsd
    2.99745e+02   -2.26921e+02    1.60852e+02    3.79122e-06


DD  step 46999 load imb.: force 18.8%  pme mesh/force 0.988
           Step           Time
          47000       94.00000

   Energies (kJ/mol)
           Bond          Angle    Proper Dih. Ryckaert-Bell.          LJ-14
    1.46600e+03    3.68974e+03    2.62471e+02    1.87094e+03    2.64973e+03
     Coulomb-14        LJ (SR)  Disper. corr.   Coulomb (SR)   Coul. recip.
    7.70971e+03    9.40128e+04   -4.58736e+03   -6.48114e+05    3.12222e+03
 Position Rest.      Potential    Kinetic En.   Total Energy  Conserved En.
    4.62984e+02   -5.37455e+05    8.47749e+04   -4.52680e+05   -4.52699e+05
    Temperature Pres. DC (bar) Pressure (bar)   Constr. rmsd
    2.97123e+02   -2.27835e+02    8.05095e+01    3.51169e-06


DD  step 47499 load imb.: force 19.0%  pme mesh/force 1.001
           Step           Time
          47500       95.00000

   Energies (kJ/mol)
           Bond          Angle    Proper Dih. Ryckaert-Bell.          LJ-14
    1.47056e+03    3.63296e+03    2.22279e+02    1.81579e+03    2.63492e+03
     Coulomb-14        LJ (SR)  Disper. corr.   Coulomb (SR)   Coul. recip.
    7.76587e+03    9.35948e+04   -4.57733e+03   -6.48628e+05    3.01466e+03
 Position Rest.      Potential    Kinetic En.   Total Energy  Conserved En.
    4.66097e+02   -5.38587e+05    8.47074e+04   -4.53880e+05   -4.52706e+05
    Temperature Pres. DC (bar) Pressure (bar)   Constr. rmsd
    2.96886e+02   -2.26841e+02   -1.07389e+02    2.69729e-06


DD  step 47999 load imb.: force 18.6%  pme mesh/force 0.999
           Step           Time
          48000       96.00000

   Energies (kJ/mol)
           Bond          Angle    Proper Dih. Ryckaert-Bell.          LJ-14
    1.44432e+03    3.73929e+03    2.67919e+02    1.84292e+03    2.64506e+03
     Coulomb-14        LJ (SR)  Disper. corr.   Coulomb (SR)   Coul. recip.
    7.68574e+03    9.24056e+04   -4.55725e+03   -6.45932e+05    3.03850e+03
 Position Rest.      Potential    Kinetic En.   Total Energy  Conserved En.
    4.13242e+02   -5.37007e+05    8.56605e+04   -4.51346e+05   -4.52714e+05
    Temperature Pres. DC (bar) Pressure (bar)   Constr. rmsd
    3.00227e+02   -2.24858e+02   -2.91213e+02    2.99863e-06


DD  step 48499 load imb.: force 18.3%  pme mesh/force 0.995
           Step           Time
          48500       97.00000

   Energies (kJ/mol)
           Bond          Angle    Proper Dih. Ryckaert-Bell.          LJ-14
    1.35776e+03    3.68519e+03    2.11233e+02    1.88390e+03    2.69554e+03
     Coulomb-14        LJ (SR)  Disper. corr.   Coulomb (SR)   Coul. recip.
    7.74784e+03    9.37142e+04   -4.59385e+03   -6.49456e+05    2.98049e+03
 Position Rest.      Potential    Kinetic En.   Total Energy  Conserved En.
    4.67853e+02   -5.39306e+05    8.51623e+04   -4.54144e+05   -4.52710e+05
    Temperature Pres. DC (bar) Pressure (bar)   Constr. rmsd
    2.98481e+02   -2.28480e+02   -1.18081e+02    2.65454e-06


DD  step 48999 load imb.: force 18.6%  pme mesh/force 1.001
           Step           Time
          49000       98.00000

   Energies (kJ/mol)
           Bond          Angle    Proper Dih. Ryckaert-Bell.          LJ-14
    1.48086e+03    3.74418e+03    2.73097e+02    1.81983e+03    2.57537e+03
     Coulomb-14        LJ (SR)  Disper. corr.   Coulomb (SR)   Coul. recip.
    7.76666e+03    9.44127e+04   -4.56854e+03   -6.49977e+05    2.97004e+03
 Position Rest.      Potential    Kinetic En.   Total Energy  Conserved En.
    4.83719e+02   -5.39019e+05    8.51791e+04   -4.53840e+05   -4.52717e+05
    Temperature Pres. DC (bar) Pressure (bar)   Constr. rmsd
    2.98540e+02   -2.25971e+02   -2.34624e+02    2.92660e-06


DD  step 49499 load imb.: force 18.5%  pme mesh/force 1.008
           Step           Time
          49500       99.00000

   Energies (kJ/mol)
           Bond          Angle    Proper Dih. Ryckaert-Bell.          LJ-14
    1.47351e+03    3.68701e+03    2.58569e+02    1.84015e+03    2.68569e+03
     Coulomb-14        LJ (SR)  Disper. corr.   Coulomb (SR)   Coul. recip.
    7.67982e+03    9.41115e+04   -4.58112e+03   -6.49637e+05    3.04585e+03
 Position Rest.      Potential    Kinetic En.   Total Energy  Conserved En.
    4.48922e+02   -5.38987e+05    8.52199e+04   -4.53767e+05   -4.52692e+05
    Temperature Pres. DC (bar) Pressure (bar)   Constr. rmsd
    2.98683e+02   -2.27217e+02   -1.11776e+02    3.02664e-06


DD  step 49999 load imb.: force 19.0%  pme mesh/force 0.988
           Step           Time
          50000      100.00000

Writing checkpoint, step 50000 at Fri Mar  4 16:51:41 2022


   Energies (kJ/mol)
           Bond          Angle    Proper Dih. Ryckaert-Bell.          LJ-14
    1.54780e+03    3.70283e+03    2.41528e+02    1.82418e+03    2.67790e+03
     Coulomb-14        LJ (SR)  Disper. corr.   Coulomb (SR)   Coul. recip.
    7.79785e+03    9.43455e+04   -4.60149e+03   -6.49691e+05    3.07141e+03
 Position Rest.      Potential    Kinetic En.   Total Energy  Conserved En.
    4.64725e+02   -5.38619e+05    8.55851e+04   -4.53034e+05   -4.52690e+05
    Temperature Pres. DC (bar) Pressure (bar)   Constr. rmsd
    2.99963e+02   -2.29239e+02    5.65224e+01    3.15396e-06


Energy conservation over simulation part #1 of length 100 ns, time 0 to 100 ns
  Conserved energy drift: -1.09e-04 kJ/mol/ps per atom


	<======  ###############  ==>
	<====  A V E R A G E S  ====>
	<==  ###############  ======>

	Statistics over 50001 steps using 501 frames

   Energies (kJ/mol)
           Bond          Angle    Proper Dih. Ryckaert-Bell.          LJ-14
    1.45562e+03    3.72252e+03    2.48148e+02    1.82835e+03    2.67655e+03
     Coulomb-14        LJ (SR)  Disper. corr.   Coulomb (SR)   Coul. recip.
    7.74597e+03    9.41782e+04   -4.57856e+03   -6.49365e+05    3.04201e+03
 Position Rest.      Potential    Kinetic En.   Total Energy  Conserved En.
    4.67347e+02   -5.38579e+05    8.55849e+04   -4.52994e+05   -4.52618e+05
    Temperature Pres. DC (bar) Pressure (bar)   Constr. rmsd
    2.99962e+02   -2.26964e+02   -4.21817e+00    0.00000e+00

          Box-X          Box-Y          Box-Z
    6.94779e+00    6.94779e+00    6.94779e+00

   Total Virial (kJ/mol)
    2.85878e+04   -2.09630e+00   -2.55436e+02
   -2.24608e+00    2.85607e+04    2.40183e+02
   -2.55567e+02    2.40214e+02    2.85699e+04

   Pressure (bar)
   -5.21443e+00    6.47510e-01    2.53145e+01
    6.62359e-01   -1.42013e+00   -2.40460e+01
    2.53274e+01   -2.40492e+01   -6.01995e+00

      T-Protein  T-non-Protein
    2.99765e+02    2.99977e+02


	M E G A - F L O P S   A C C O U N T I N G

 NB=Group-cutoff nonbonded kernels    NxN=N-by-N cluster Verlet kernels
 RF=Reaction-Field  VdW=Van der Waals  QSTab=quadratic-spline table
 W3=SPC/TIP3p  W4=TIP4p (single or pairs)
 V&F=Potential and force  V=Potential only  F=Force only

 Computing:                               M-Number         M-Flops  % Flops
-----------------------------------------------------------------------------
 Pair Search distance check            1671.173472       15040.561     0.0
 NxN Ewald Elec. + LJ [F]           1650773.139840   108951027.229    98.1
 NxN Ewald Elec. + LJ [V&F]           16707.944896     1787750.104     1.6
 1,4 nonbonded interactions             255.305106       22977.460     0.0
 Reset In Box                            16.896000          50.688     0.0
 CG-CoM                                  16.929792          50.789     0.0
 Bonds                                   51.251025        3023.810     0.0
 Angles                                 177.353547       29795.396     0.0
 Propers                                 21.300426        4877.798     0.0
 RB-Dihedrals                           197.503950       48783.476     0.0
 Pos. Restr.                             50.051001        2502.550     0.0
 Virial                                 169.668927        3054.041     0.0
 Stop-CM                                 16.929792         169.298     0.0
 Calc-Ekin                              337.987584        9125.665     0.0
 Lincs                                   47.950959        2877.058     0.0
 Lincs-Mat                              238.804776         955.219     0.0
 Constraint-V                          1685.033700       15165.303     0.0
 Constraint-Vir                         163.737741        3929.706     0.0
 Settle                                 529.710594      195992.920     0.2
-----------------------------------------------------------------------------
 Total                                               111097149.070   100.0
-----------------------------------------------------------------------------


    D O M A I N   D E C O M P O S I T I O N   S T A T I S T I C S

 av. #atoms communicated per step for force:  2 x 18519.7


Dynamic load balancing report:
 DLB was off during the run due to low measured imbalance.
 Average load imbalance: 18.6%.
 The balanceable part of the MD step is 68%, load imbalance is computed from this.
 Part of the total run time spent waiting due to load imbalance: 12.7%.
 Average PME mesh/force load: 0.998
 Part of the total run time spent waiting due to PP/PME imbalance: 0.0 %

NOTE: 12.7 % of the available CPU time was lost due to load imbalance
      in the domain decomposition.
      Dynamic load balancing was automatically disabled, but it might be beneficial to manually tuning it on (option -dlb on.)
      You can also consider manually changing the decomposition (option -dd);
      e.g. by using fewer domains along the box dimension in which there is
      considerable inhomogeneity in the simulated system.

     R E A L   C Y C L E   A N D   T I M E   A C C O U N T I N G

On 3 MPI ranks doing PP, each using 4 OpenMP threads, and
on 1 MPI rank doing PME, using 4 OpenMP threads

 Computing:          Num   Num      Call    Wall time         Giga-Cycles
                     Ranks Threads  Count      (s)         total sum    %
-----------------------------------------------------------------------------
 Domain decomp.         3    4        500       1.175         40.788   3.0
 DD comm. load          3    4        500       0.005          0.191   0.0
 Send X to PME          3    4      50001       1.351         46.877   3.5
 Neighbor search        3    4        501       1.021         35.422   2.6
 Launch GPU ops.        3    4     100002       6.837        237.288  17.7
 Comm. coord.           3    4      49500       2.907        100.889   7.5
 Force                  3    4      50001       3.066        106.391   7.9
 Wait + Comm. F         3    4      50001       4.904        170.191  12.7
 PME mesh *             1    4      50001      10.806        125.005   9.3
 PME wait for PP *                             18.228        210.873  15.7
 Wait + Recv. PME F     3    4      50001       1.695         58.811   4.4
 Wait PME GPU gather    3    4      50001       2.350         81.542   6.1
 Wait GPU NB nonloc.    3    4      50001       0.351         12.192   0.9
 Wait GPU NB local      3    4      50001       0.133          4.604   0.3
 NB X/F buffer ops.     3    4     199002       1.801         62.505   4.7
 Write traj.            3    4        101       0.399         13.831   1.0
 Update                 3    4      50001       0.675         23.443   1.7
 Constraints            3    4      50001       1.824         63.308   4.7
 Comm. energies         3    4       5001       0.817         28.344   2.1
-----------------------------------------------------------------------------
 Total                                         29.039       1343.755 100.0
-----------------------------------------------------------------------------
(*) Note that with separate PME ranks, the walltime column actually sums to
    twice the total reported, but the cycle count total and % are correct.
-----------------------------------------------------------------------------

               Core t (s)   Wall t (s)        (%)
       Time:      464.380       29.039     1599.2
                 (ns/day)    (hour/ns)
Performance:      297.536        0.081
Finished mdrun on rank 0 Fri Mar  4 16:51:42 2022

